/*C1*/SET SCHEMA SYSTEM_LOBS
INSERT INTO BLOCKS VALUES(0,2147483647,0)
COMMIT
/*C3*/SET SCHEMA PUBLIC
-- ********************************************************\u000a-- **************** Creaci\u00f3n de Tablas ********************\u000a-- ********************************************************\u000a\u000a-- ****************** TABLAS DE CONFIGURACI\u00d3N *****************\u000a\u000a-- Table USER_MONITORIZA\u000aCREATE TABLE "USER_MONITORIZA"(\u000a  "ID_USER_MONITORIZA" NUMERIC(19) NOT NULL,\u000a  "LOGIN" VARCHAR(100) NOT NULL,\u000a  "PASSWORD" VARCHAR(150) NOT NULL,\u000a  "NAME" VARCHAR(100) NOT NULL,\u000a  "SURNAMES" VARCHAR(150) NOT NULL,\u000a  "EMAIL" VARCHAR(150) NOT NULL,\u000a  "IS_BLOCKED" CHAR(1) NOT NULL,\u000a  "ATTEMPTS_NUMBER" INTEGER NOT NULL,\u000a  "LAST_ACCESS" TIMESTAMP,\u000a  "IP_LAST_ACCESS" VARCHAR(15)\u000a)
ALTER TABLE "USER_MONITORIZA" ADD CONSTRAINT "ID_USER_MONITORIZA" PRIMARY KEY ("ID_USER_MONITORIZA")
ALTER TABLE "USER_MONITORIZA" ADD CONSTRAINT "USER_UNIQUE_LOGIN" UNIQUE ("LOGIN")
COMMENT ON TABLE "USER_MONITORIZA" IS 'Tabla que almacena toda la informaci\u00f3n relativa a usuarios del sistema.'
COMMENT ON COLUMN "USER_MONITORIZA"."ID_USER_MONITORIZA" IS 'Identificador de la tabla.'
COMMENT ON COLUMN "USER_MONITORIZA"."LOGIN" IS 'Valor que representa el nombre de acceso a la plataforma.'
COMMENT ON COLUMN "USER_MONITORIZA"."PASSWORD" IS 'Valor que representa el hash de la contrase\u00f1a de acceso a la plataforma.'
COMMENT ON COLUMN "USER_MONITORIZA"."NAME" IS 'Valor que representa el nombre del usuario.'
COMMENT ON COLUMN "USER_MONITORIZA"."SURNAMES" IS 'Valor que representa los apellidos del usuario.'
COMMENT ON COLUMN "USER_MONITORIZA"."EMAIL" IS 'Valor que representa el e-mail del usuario.'
COMMENT ON COLUMN "USER_MONITORIZA"."IS_BLOCKED" IS 'Valor que indica si el usuario est\u00e1 bloqueado (Y) o no (N).'
COMMENT ON COLUMN "USER_MONITORIZA"."ATTEMPTS_NUMBER" IS 'Valor que representa el n\u00famero de intentos fallidos de acceso a la plataforma que lleva acumulados el usuario desde la \u00faltima vez que accedi\u00f3 correctamente.'
COMMENT ON COLUMN "USER_MONITORIZA"."LAST_ACCESS" IS 'Valor que representa la fecha del \u00faltimo acceso del usuario a la plataforma.'
COMMENT ON COLUMN "USER_MONITORIZA"."IP_LAST_ACCESS" IS 'Valor que representa la direcci\u00f3n IP desde la que accedi\u00f3 el usuario por \u00faltima vez.'
-- Table TIMER_MONITORIZA\u000aCREATE TABLE "TIMER_MONITORIZA"(\u000a\u0009"ID_TIMER" NUMERIC(19) NOT NULL,\u000a\u0009"NAME" VARCHAR(100) NOT NULL,\u000a\u0009"FREQUENCY" NUMERIC(19,0) NOT NULL\u000a)
ALTER TABLE "TIMER_MONITORIZA" ADD CONSTRAINT "ID_TIMER" PRIMARY KEY ("ID_TIMER")
ALTER TABLE "TIMER_MONITORIZA" ADD CONSTRAINT "TIMER_NAME_UNIQUE" UNIQUE ("NAME")
COMMENT ON TABLE "TIMER_MONITORIZA" IS 'Tabla que almacena la informaci\u00f3n relativa a los timers que determinan la frecuencia de ejecuci\u00f3n de las peticiones a servicios de @Firma y TS@.'
COMMENT ON COLUMN "TIMER_MONITORIZA"."ID_TIMER" IS 'Identificador de la tabla.'
COMMENT ON COLUMN "TIMER_MONITORIZA"."NAME" IS 'Valor que representa el nombre \u00fanico del timer.'
COMMENT ON COLUMN "TIMER_MONITORIZA"."FREQUENCY" IS 'Valor que representa el valor en milisegundos de la frecuencia de ejecuci\u00f3n de las peticiones asociadas al timer.'
-- Table KEYSTORE\u000aCREATE TABLE "KEYSTORE"(\u000a  "ID_KEYSTORE" NUMERIC(19) NOT NULL,\u000a  "NAME" VARCHAR(50) NOT NULL,\u000a  "KEYSTORE" BLOB,\u000a  "TOKEN_NAME" VARCHAR(30) NOT NULL,\u000a  "PASSWORD" VARCHAR(255) NOT NULL,\u000a  "KEYSTORE_TYPE" VARCHAR(50) NOT NULL,\u000a  "VERSION" NUMERIC(19) NOT NULL\u000a)
ALTER TABLE "KEYSTORE" ADD CONSTRAINT "ID_KEYSTORE" PRIMARY KEY ("ID_KEYSTORE")
ALTER TABLE "KEYSTORE" ADD CONSTRAINT "KEYSTORE_UNIQUE_NAME" UNIQUE ("NAME")
COMMENT ON TABLE "KEYSTORE" IS 'Tabla que almacena toda la informaci\u00f3n relativa a almacenes de certificados.'
COMMENT ON COLUMN "KEYSTORE"."ID_KEYSTORE" IS 'Identificador de la tabla.'
COMMENT ON COLUMN "KEYSTORE"."NAME" IS 'Valor que representa el nombre del almac\u00e9n de claves.'
COMMENT ON COLUMN "KEYSTORE"."KEYSTORE" IS 'Valor que representa el almac\u00e9n de claves como archivo f\u00edsico.'
COMMENT ON COLUMN "KEYSTORE"."TOKEN_NAME" IS 'Valor que representa el token con la descripci\u00f3n almacenada en cada archivo de propiedades por idioma.'
COMMENT ON COLUMN "KEYSTORE"."PASSWORD" IS 'Valor que representa la contrase\u00f1a de acceso al almac\u00e9n de claves.'
COMMENT ON COLUMN "KEYSTORE"."KEYSTORE_TYPE" IS 'Valor que representa el tipo del almac\u00e9n de claves.'
COMMENT ON COLUMN "KEYSTORE"."VERSION" IS 'Valor que representa el n\u00famero de modificaciones aplicadas al almac\u00e9n de claves inicial.'
CREATE TABLE "C_STATUS_CERTIFICATES"(\u000a \u0009"ID_STATUS_CERTIFICATE" NUMERIC(19) NOT NULL, \u000a\u0009"TOKEN_NAME" VARCHAR(30) NOT NULL)
ALTER TABLE "C_STATUS_CERTIFICATES" ADD CONSTRAINT "ID_STATUS_CERTIFICATE" PRIMARY KEY ("ID_STATUS_CERTIFICATE")
COMMENT ON TABLE "C_STATUS_CERTIFICATES"  IS 'Tabla que almacena las constantes para los estados de los certificados.'
COMMENT ON COLUMN "C_STATUS_CERTIFICATES"."ID_STATUS_CERTIFICATE" IS 'Identificador de la tabla.'
COMMENT ON COLUMN "C_STATUS_CERTIFICATES"."TOKEN_NAME" IS 'Valor que representa la descripci\u00f3n del estado del certificado.'
-- Table SYSTEM_CERTIFICATE\u000aCREATE TABLE "SYSTEM_CERTIFICATE"(\u000a  "ID_SYSTEM_CERTIFICATE" NUMERIC(19) NOT NULL,\u000a  "ALIAS" VARCHAR(4000) NOT NULL,\u000a  "ID_KEYSTORE" NUMERIC(19) NOT NULL,\u000a  "IS_KEY" CHAR(1) NOT NULL,\u000a  "ISSUER" VARCHAR(4000) NOT NULL,\u000a  "SUBJECT" VARCHAR(4000) NOT NULL,\u000a  "SERIAL_NUMBER" NUMERIC(100) NOT NULL,\u000a  "ID_STATUS_CERTIFICATE" NUMERIC(19) NOT NULL,\u000a  "ID_USER_MONITORIZA" NUMERIC(19)\u000a)
ALTER TABLE "SYSTEM_CERTIFICATE" ADD CONSTRAINT "ID_SYSTEM_CERTIFICATE" PRIMARY KEY ("ID_SYSTEM_CERTIFICATE")
ALTER TABLE "SYSTEM_CERTIFICATE" ADD CONSTRAINT "SYS_CERT_UNIQUE_CERT" UNIQUE ("ID_KEYSTORE", "ISSUER", "SERIAL_NUMBER")
COMMENT ON TABLE "SYSTEM_CERTIFICATE" IS 'Tabla que almacena toda la informaci\u00f3n relativa a certificados de uso por el sistema.'
COMMENT ON COLUMN "SYSTEM_CERTIFICATE"."ID_SYSTEM_CERTIFICATE" IS 'Identificador de la tabla.'
COMMENT ON COLUMN "SYSTEM_CERTIFICATE"."ALIAS" IS 'Valor que representa el alias del certificado.'
COMMENT ON COLUMN "SYSTEM_CERTIFICATE"."ID_KEYSTORE" IS 'Valor que representa el almac\u00e9n de claves donde se encuentra almacenado el certificado.'
COMMENT ON COLUMN "SYSTEM_CERTIFICATE"."IS_KEY" IS 'Valor que indica si el alias hace referencia a una clave (Y) o no (N).'
COMMENT ON COLUMN "SYSTEM_CERTIFICATE"."ISSUER" IS 'Valor que representa el emisor del certificado.'
COMMENT ON COLUMN "SYSTEM_CERTIFICATE"."SUBJECT" IS 'Valor que representa el asunto del certificado.'
COMMENT ON COLUMN "SYSTEM_CERTIFICATE"."SERIAL_NUMBER" IS 'Valor que representa el serial number del certificado.'
COMMENT ON COLUMN "SYSTEM_CERTIFICATE"."ID_STATUS_CERTIFICATE" IS 'Valor que representa el estado del certificado.'
COMMENT ON COLUMN "SYSTEM_CERTIFICATE"."ID_USER_MONITORIZA" IS 'Valor que representa el ususario.'
-- Table C_PLATFORM_TYPE\u000aCREATE TABLE "C_PLATFORM_TYPE" ( \u000a\u0009"ID_PLATFORM_TYPE" NUMERIC(19) NOT NULL,\u000a\u0009"NAME" VARCHAR(100) NOT NULL\u000a)
ALTER TABLE "C_PLATFORM_TYPE" ADD CONSTRAINT "ID_PLATFORM_TYPE" PRIMARY KEY ("ID_PLATFORM_TYPE")
COMMENT ON TABLE "C_PLATFORM_TYPE" IS 'Tabla que almacena los tipos de plataformas en Monitoriz@: @Firma o TS@.'
-- Table PLATFORM_MONITORIZA\u000aCREATE TABLE "PLATFORM_MONITORIZA" ( \u000a\u0009"ID_PLATFORM" NUMERIC(19) NOT NULL,\u000a\u0009"NAME" VARCHAR(100) NOT NULL,\u000a\u0009"HOST" VARCHAR(100) NOT NULL,\u000a\u0009"PORT" VARCHAR(10) NOT NULL,\u000a\u0009"IS_SECURE" CHAR(1) NOT NULL,\u000a\u0009"SERVICE_CONTEXT" VARCHAR(100) NOT NULL,\u000a\u0009"ID_PLATFORM_TYPE" NUMERIC(19) NOT NULL,\u000a\u0009"OCSP_CONTEXT" VARCHAR(100),\u000a\u0009"RFC3161_CONTEXT" VARCHAR(100),\u000a\u0009"RFC3161_PORT" NUMERIC(10),\u000a\u0009"RFC3161_USE_AUTH" CHAR(1),\u000a\u0009"RFC3161_AUTH_CERTIFICATE" NUMERIC(19)\u000a\u0009)
ALTER TABLE "PLATFORM_MONITORIZA" ADD CONSTRAINT "ID_PLATFORM_CONS" PRIMARY KEY ("ID_PLATFORM")
ALTER TABLE "PLATFORM_MONITORIZA" ADD CONSTRAINT "PLATFORM_NAME_UNIQUE" UNIQUE ("NAME")
COMMENT ON TABLE "PLATFORM_MONITORIZA" IS 'Tabla que almacena la informaci\u00f3n relativa a la conexi\u00f3n con plataformas @Firma/TS@.'
COMMENT ON COLUMN "PLATFORM_MONITORIZA"."ID_PLATFORM" IS 'Identificador de la tabla.'
COMMENT ON COLUMN "PLATFORM_MONITORIZA"."NAME" IS 'Valor que representa el nombre \u00fanico de la plataforma.'
COMMENT ON COLUMN "PLATFORM_MONITORIZA"."HOST" IS 'Valor que representa el host para la conexi\u00f3n con la plataforma.'
COMMENT ON COLUMN "PLATFORM_MONITORIZA"."PORT" IS 'Valor que representa el puerto para la conexi\u00f3n con la plataforma.'
COMMENT ON COLUMN "PLATFORM_MONITORIZA"."SERVICE_CONTEXT" IS 'Valor que representa la parte de la ruta de acceso a los servicios web SOAP.'
COMMENT ON COLUMN "PLATFORM_MONITORIZA"."OCSP_CONTEXT" IS 'Valor que representa la parte de la ruta de acceso al servicio OCSP.'
COMMENT ON COLUMN "PLATFORM_MONITORIZA"."RFC3161_CONTEXT" IS 'Valor que representa la parte de la ruta de acceso al servicio RFC3161.'
COMMENT ON COLUMN "PLATFORM_MONITORIZA"."RFC3161_PORT" IS 'Valor que representa el puerto de acceso al servicio RFC3161.'
COMMENT ON COLUMN "PLATFORM_MONITORIZA"."RFC3161_AUTH_CERTIFICATE" IS 'Valor que representa el identificador del certificado para la conexi\u00f3n autenticada con el servicio RFC3161.'
-- Table ALARM_MONITORIZA\u000aCREATE TABLE "ALARM_MONITORIZA" (\u000a\u0009"ID_ALARM" NUMERIC(19) NOT NULL,\u000a\u0009"NAME" VARCHAR(100) NOT NULL,\u000a\u0009"BLOCKED_TIME" NUMERIC(19) NOT NULL\u000a)
ALTER TABLE "ALARM_MONITORIZA" ADD CONSTRAINT "ID_ALARM" PRIMARY KEY ("ID_ALARM")
ALTER TABLE "ALARM_MONITORIZA" ADD CONSTRAINT "ALARM_NAME_UNIQUE" UNIQUE ("NAME")
COMMENT ON TABLE "ALARM_MONITORIZA" IS 'Tabla que almacena la informaci\u00f3n relativa a las alarmas de monitoriz@.'
COMMENT ON COLUMN "ALARM_MONITORIZA"."ID_ALARM" IS 'Identificador de la tabla.'
COMMENT ON COLUMN "ALARM_MONITORIZA"."NAME" IS 'Valor que representa el nombre \u00fanico de la alarma.'
COMMENT ON COLUMN "ALARM_MONITORIZA"."BLOCKED_TIME" IS 'Valor que representa el tiempo en milisegundos que se bloquean las alarmas de este tipo antes de lanzar un resumen.'
--Table REQUEST_SERVICE_FILE\u000aCREATE TABLE "REQUEST_SERVICE_FILE" (\u000a\u0009"ID_REQUEST_SERVICE_FILE" NUMERIC(19) NOT NULL,\u000a\u0009"FILENAME" VARCHAR(100) NOT NULL,\u000a\u0009"CONTENT_TYPE" VARCHAR(100) NOT NULL,\u000a\u0009"FILEDATA" BLOB NOT NULL\u000a)
ALTER TABLE "REQUEST_SERVICE_FILE" ADD CONSTRAINT "ID_REQUEST_SERVICE_FILE" PRIMARY KEY ("ID_REQUEST_SERVICE_FILE")
COMMENT ON TABLE "REQUEST_SERVICE_FILE" IS 'Tabla que almacena los archivos comprimidos con las carpetas de peticiones'
COMMENT ON COLUMN "REQUEST_SERVICE_FILE"."ID_REQUEST_SERVICE_FILE" IS 'Identificador de la tabla.'
COMMENT ON COLUMN "REQUEST_SERVICE_FILE"."FILENAME" IS 'Nombre del archivo.'
COMMENT ON COLUMN "REQUEST_SERVICE_FILE"."CONTENT_TYPE" IS 'Content Type del archivo.'
COMMENT ON COLUMN "REQUEST_SERVICE_FILE"."FILEDATA" IS 'Contenido del archivo.'
-- Table SERVICE_MONITORIZA\u000aCREATE TABLE "SERVICE_MONITORIZA" (\u000a\u0009"ID_SERVICE" NUMERIC(19) NOT NULL,\u000a\u0009"NAME" VARCHAR(100) NOT NULL,\u000a\u0009"SERVICE_TIMEOUT" NUMERIC(19) NOT NULL,\u000a\u0009"NAME_ENDPOINT_WSDL" VARCHAR(100) NOT NULL,\u000a\u0009"DEGRADED_THRESHOLD" NUMERIC(19) NOT NULL,\u000a\u0009"LOST_THRESHOLD" NUMERIC(19) NOT NULL,\u000a\u0009"ID_TIMER_SERVICE" NUMERIC(19) NOT NULL,\u000a\u0009"ID_ALARM_SERVICE" NUMERIC(19) NOT NULL,\u000a\u0009"ID_PLATFORM_SERVICE" NUMERIC(19),\u000a\u0009"SERVICE_TYPE" VARCHAR(100) NOT NULL,\u000a\u0009"ID_REQUEST_FILE" NUMERIC(19) NOT NULL\u000a)
ALTER TABLE "SERVICE_MONITORIZA" ADD CONSTRAINT "ID_SERVICE" PRIMARY KEY ("ID_SERVICE")
ALTER TABLE "SERVICE_MONITORIZA" ADD CONSTRAINT "SERVICE_NAME_UNIQUE" UNIQUE ("NAME")
COMMENT ON TABLE "SERVICE_MONITORIZA" IS 'Tabla que almacena la informaci\u00f3n relativa a los servicios sobre los cuales van a realizarse peticiones para conocer su estado.'
COMMENT ON COLUMN "SERVICE_MONITORIZA"."ID_SERVICE" IS 'Identificador de la tabla.'
COMMENT ON COLUMN "SERVICE_MONITORIZA"."NAME" IS 'Valor que representa el nombre \u00fanico del servicio.'
COMMENT ON COLUMN "SERVICE_MONITORIZA"."SERVICE_TIMEOUT" IS 'Valor en milisegundos que representa el tiempo m\u00e1ximo que puede transcurrir sin respuesta para que el servicio se considere "ca\u00eddo".'
COMMENT ON COLUMN "SERVICE_MONITORIZA"."NAME_ENDPOINT_WSDL" IS 'Valor que representa la cadena de texto final del endpoint que hace referencia al servicio.'
COMMENT ON COLUMN "SERVICE_MONITORIZA"."DEGRADED_THRESHOLD" IS 'Valor que representa el tiempo m\u00e1ximo en milisegundos que pueden tardar de media las peticiones a este servicio antes de que sea considerado "degradado".'
COMMENT ON COLUMN "SERVICE_MONITORIZA"."LOST_THRESHOLD" IS 'Valor que representa el tiempo m\u00e1ximo en milisegundos que pueden tardar de media las peticiones a este servicio antes de que sea considerado "perdido".'
COMMENT ON COLUMN "SERVICE_MONITORIZA"."ID_TIMER_SERVICE" IS 'Identificador del timer asociad a este servicio.'
COMMENT ON COLUMN "SERVICE_MONITORIZA"."ID_ALARM_SERVICE" IS 'Identificador de la alarma asociada a este servicio.'
COMMENT ON COLUMN "SERVICE_MONITORIZA"."ID_PLATFORM_SERVICE" IS 'Identificador de la plataforma asociada a este servicio.'
COMMENT ON COLUMN "SERVICE_MONITORIZA"."SERVICE_TYPE" IS 'Tipo del servicio.'
-- Table MAIL_MONITORIZA\u000aCREATE TABLE "MAIL_MONITORIZA" (\u000a\u0009"ID_MAIL" NUMERIC(19) NOT NULL,\u000a\u0009"EMAIL_ADDRESS" VARCHAR(150) NOT NULL\u000a)
ALTER TABLE "MAIL_MONITORIZA" ADD CONSTRAINT "ID_MAIL" PRIMARY KEY ("ID_MAIL")
ALTER TABLE "MAIL_MONITORIZA" ADD CONSTRAINT "MAIL_ADDRESS_UNIQUE" UNIQUE ("EMAIL_ADDRESS")
COMMENT ON TABLE "MAIL_MONITORIZA" IS 'Tabla que almacena las direcciones de correo electr\u00f3nico a utilizar por las alarmas de monitoriz@.'
COMMENT ON COLUMN "MAIL_MONITORIZA"."ID_MAIL" IS 'Identificador de la tabla.'
COMMENT ON COLUMN "MAIL_MONITORIZA"."EMAIL_ADDRESS" IS 'Valor que representa una direcci\u00f3n de correo electr\u00f3nico.'
-- Table R_ALARM_MAIL_DEGRADED\u000aCREATE TABLE "R_ALARM_MAIL_DEGRADED"(\u000a  "ID_MAIL" NUMERIC(19) NOT NULL, \u000a  "ID_ALARM" NUMERIC(19) NOT NULL \u000a)
COMMENT ON COLUMN "R_ALARM_MAIL_DEGRADED"."ID_ALARM" IS 'Identificador de la alarma.'
COMMENT ON COLUMN "R_ALARM_MAIL_DEGRADED"."ID_MAIL" IS 'Identificador de la direcci\u00f3n de correo electr\u00f3nico.'
-- Table R_ALARM_MAIL_DOWN\u000aCREATE TABLE "R_ALARM_MAIL_DOWN"(\u000a  "ID_MAIL" NUMERIC(19) NOT NULL, \u000a  "ID_ALARM" NUMERIC(19) NOT NULL \u000a)
COMMENT ON COLUMN "R_ALARM_MAIL_DOWN"."ID_ALARM" IS 'Identificador de la alarma.'
COMMENT ON COLUMN "R_ALARM_MAIL_DOWN"."ID_MAIL" IS 'Identificador de la direcci\u00f3n de correo electr\u00f3nico.'
-- Table TIMER_SCHEDULED\u000aCREATE TABLE "TIMER_SCHEDULED"(\u000a\u0009"ID_TIMER_SCHEDULED" NUMERIC(19) NOT NULL,\u000a\u0009"ID_TIMER" NUMERIC(19) NOT NULL,\u000a\u0009"IS_UPDATED" CHAR(1) NOT NULL\u000a)
ALTER TABLE "TIMER_SCHEDULED" ADD CONSTRAINT "ID_TIMER_SCHEDULED" PRIMARY KEY ("ID_TIMER_SCHEDULED")
COMMENT ON TABLE "TIMER_SCHEDULED" IS 'Tabla que almacena qu\u00e9 timers se est\u00e1n ejecutando y si \u00e9stos est\u00e1n actualizados respecto a la informaci\u00f3n de la base de datos.'
COMMENT ON COLUMN "TIMER_SCHEDULED"."ID_TIMER_SCHEDULED" IS 'Identificador de la tabla.'
COMMENT ON COLUMN "TIMER_SCHEDULED"."ID_TIMER" IS 'Identificador del timer programado.'
COMMENT ON COLUMN "TIMER_SCHEDULED"."IS_UPDATED" IS 'Indica si los datos del timer programado est\u00e1n actualizados respecto de la informaci\u00f3n de la base de datos.'
-- Table C_AUTHENTICATION_TYPE\u000aCREATE TABLE "C_AUTHENTICATION_TYPE" ( \u000a\u0009"ID_AUTHENTICATION_TYPE" NUMERIC(19) NOT NULL,\u000a\u0009"TOKEN_NAME" VARCHAR(30) NOT NULL\u000a)
ALTER TABLE "C_AUTHENTICATION_TYPE" ADD CONSTRAINT "ID_AUTHENTICATION_TYPE" PRIMARY KEY ("ID_AUTHENTICATION_TYPE")
COMMENT ON TABLE "C_AUTHENTICATION_TYPE" IS 'Tabla que almacena los tipos de autenticaci\u00f3n con el servicio de validaci\u00f3n.'
COMMENT ON COLUMN "C_AUTHENTICATION_TYPE"."ID_AUTHENTICATION_TYPE" IS 'Identificador de la tabla.'
COMMENT ON COLUMN "C_AUTHENTICATION_TYPE"."TOKEN_NAME" IS 'Valor que representa el nombre del tipo de autenticaci\u00f3n.'
-- Table VALID_SERVICE\u000aCREATE TABLE "VALID_SERVICE" ( \u000a\u0009"ID_VALID_SERVICE" NUMERIC(19) NOT NULL,\u000a\u0009"APPLICATION" VARCHAR(100) NOT NULL,\u000a\u0009"HOST" VARCHAR(100) NOT NULL,\u000a\u0009"PORT" VARCHAR(10) NOT NULL,\u000a\u0009"IS_SECURE" CHAR(1),\u000a\u0009"IS_ENABLE_VALIDATION_JOB" CHAR(1),\u000a\u0009"CRON_EXPRESSION" VARCHAR(100),\u000a\u0009"USER" VARCHAR(100),\u000a\u0009"PASS" VARCHAR(255),\u000a\u0009"ID_AUTHENTICATION_TYPE" NUMERIC(19) NOT NULL,\u000a\u0009"ID_AUTH_CERTIFICATE" NUMERIC(19)\u000a\u0009)
ALTER TABLE "VALID_SERVICE" ADD CONSTRAINT "ID_VALID_SERVICE" PRIMARY KEY ("ID_VALID_SERVICE")
ALTER TABLE "VALID_SERVICE" ADD CONSTRAINT "VALID_SERVICE_APP_UNIQUE" UNIQUE ("APPLICATION", "HOST", "PORT")
COMMENT ON TABLE "VALID_SERVICE" IS 'Tabla que almacena la informaci\u00f3n relativa a la conexi\u00f3n con plataformas @Firma/TS@.'
COMMENT ON COLUMN "VALID_SERVICE"."ID_VALID_SERVICE" IS 'Identificador de la tabla.'
COMMENT ON COLUMN "VALID_SERVICE"."APPLICATION" IS 'Valor que representa el nombre \u00fanico de la aplicaci\u00f3n.'
COMMENT ON COLUMN "VALID_SERVICE"."HOST" IS 'Valor que representa el host para la conexi\u00f3n con el servicio de validaci\u00f3n.'
COMMENT ON COLUMN "VALID_SERVICE"."PORT" IS 'Valor que representa el puerto para la conexi\u00f3n con el servicio de validaci\u00f3n.'
COMMENT ON COLUMN "VALID_SERVICE"."IS_SECURE" IS 'Valor que representa si se accede de manera seguro a el servicio de validaci\u00f3n.'
COMMENT ON COLUMN "VALID_SERVICE"."IS_ENABLE_VALIDATION_JOB" IS 'Valor que representa si se habilita el proceso de validaci\u00f3n en segundo plano.'
COMMENT ON COLUMN "VALID_SERVICE"."CRON_EXPRESSION" IS 'Valor que representa la expresi\u00f3n cron del proceso de validaci\u00f3n en segundo plano.'
COMMENT ON COLUMN "VALID_SERVICE"."USER" IS 'Valor que representa el usuario para la conexi\u00f3n con el servicio de validaci\u00f3n.'
COMMENT ON COLUMN "VALID_SERVICE"."PASS" IS 'Valor que representa las contrase\u00f1a para la conexi\u00f3n con el servicio de validaci\u00f3n.'
COMMENT ON COLUMN "VALID_SERVICE"."ID_AUTHENTICATION_TYPE" IS 'Valor que representa el tipo de autenticaci\u00f3n del servicio de validaci\u00f3n.'
COMMENT ON COLUMN "VALID_SERVICE"."ID_AUTH_CERTIFICATE" IS 'Valor que representa el identificador del certificado para la conexi\u00f3n autenticada con el servicio de validaci\u00f3n.'
-- Table NODE_AFIRMA\u000aCREATE TABLE "NODE_MONITORIZA" ( \u000a\u0009"ID_NODE" NUMERIC(19) NOT NULL,\u000a\u0009"NAME" VARCHAR(100) NOT NULL,\u000a\u0009"HOST" VARCHAR(100) NOT NULL,\u000a\u0009"PORT" VARCHAR(10) NOT NULL,\u000a\u0009"IS_SECURE" CHAR(1) NOT NULL,\u000a\u0009"CHECK_EMERGENCYDB" CHAR(1),\u000a\u0009"CHECK_TSA" CHAR(1),\u000a\u0009"CHECK_AFIRMA" CHAR(1),\u000a\u0009"CHECK_HSM" CHAR(1),\u000a\u0009"CHECK_SERVICES" CHAR(1),\u000a\u0009"CHECK_VALIDATION_METHOD" CHAR(1),\u000a\u0009"ID_NODE_TYPE" NUMERIC(19) NOT NULL\u000a\u0009)
ALTER TABLE "NODE_MONITORIZA" ADD CONSTRAINT "ID_NODE_CONS" PRIMARY KEY ("ID_NODE")
ALTER TABLE "NODE_MONITORIZA" ADD CONSTRAINT "NODE_NAME_UNIQUE" UNIQUE ("NAME")
COMMENT ON TABLE "NODE_MONITORIZA" IS 'Tabla que almacena la informaci\u00f3n relativa a la conexi\u00f3n con nodos de @Firma del entorno que se monitoriza.'
COMMENT ON COLUMN "NODE_MONITORIZA"."ID_NODE" IS 'Identificador de la tabla.'
COMMENT ON COLUMN "NODE_MONITORIZA"."NAME" IS 'Valor que representa el nombre \u00fanico del nodo en Monitoriz@.'
COMMENT ON COLUMN "NODE_MONITORIZA"."HOST" IS 'Valor que representa el host para la conexi\u00f3n con el nodo.'
COMMENT ON COLUMN "NODE_MONITORIZA"."PORT" IS 'Valor que representa el puerto para la conexi\u00f3n con el nodo.'
COMMENT ON COLUMN "NODE_MONITORIZA"."IS_SECURE" IS 'Valor que indica si la conexi\u00f3n al nodo es segura.'
COMMENT ON COLUMN "NODE_MONITORIZA"."CHECK_EMERGENCYDB" IS 'Valor que indica si se va a monitorizar el SPIE de la base de datos de emergencia.'
COMMENT ON COLUMN "NODE_MONITORIZA"."CHECK_TSA" IS 'Valor que indica si se va a monitorizar el SPIE de la conexi\u00f3n a TS@.'
COMMENT ON COLUMN "NODE_MONITORIZA"."CHECK_AFIRMA" IS 'Valor que indica si se va a monitorizar el SPIE de la conexi\u00f3n a @Firma.'
COMMENT ON COLUMN "NODE_MONITORIZA"."CHECK_HSM" IS 'Valor que indica si se va a monitorizar el SPIE de la conexi\u00f3n al HSM.'
COMMENT ON COLUMN "NODE_MONITORIZA"."CHECK_SERVICES" IS 'Valor que indica si se va a monitorizar el SPIE de tiempos de respuesta de servicios @Firma.'
COMMENT ON COLUMN "NODE_MONITORIZA"."CHECK_VALIDATION_METHOD" IS 'Valor que indica si se va a monitorizar el SPIE de conexi\u00f3n con m\u00e9todos de validaci\u00f3n.'
COMMENT ON COLUMN "NODE_MONITORIZA"."ID_NODE_TYPE" IS 'Valor que indica si el nodo pertenece a @Firma o TS@.'
-- Table CONF_SERVER_MAIL\u000aCREATE TABLE "CONF_SERVER_MAIL" (\u000a\u0009"ID_CONF_SERVER_MAIL" NUMERIC(19) NOT NULL,\u000a\u0009"ISSUER_MAIL" VARCHAR(200) NOT NULL,\u000a\u0009"HOST_MAIL" VARCHAR(200) NOT NULL,\u000a\u0009"PORT_MAIL" NUMERIC(10) NOT NULL,\u000a\u0009"TLS" CHAR(1) NOT NULL,\u000a\u0009"AUTHENTICATION" CHAR(1) NOT NULL,\u000a\u0009"USER_MAIL" VARCHAR(200),\u000a\u0009"PASSWORD_MAIL" VARCHAR(200)\u000a\u0009)
ALTER TABLE "CONF_SERVER_MAIL" ADD CONSTRAINT "ID_CONF_SERVER_MAIL" PRIMARY KEY ("ID_CONF_SERVER_MAIL")
COMMENT ON TABLE "CONF_SERVER_MAIL" IS 'Tabla que almacena la configuraci\u00f3n del servidor de correo electr\u00f3nico de Monitoriz@'
COMMENT ON COLUMN "CONF_SERVER_MAIL"."ID_CONF_SERVER_MAIL" IS 'Identificador de la tabla.'
COMMENT ON COLUMN "CONF_SERVER_MAIL"."ISSUER_MAIL" IS 'Emisor del correo electr\u00f3nico.'
COMMENT ON COLUMN "CONF_SERVER_MAIL"."HOST_MAIL" IS 'Host del servidor del correo electr\u00f3nico'
COMMENT ON COLUMN "CONF_SERVER_MAIL"."PORT_MAIL" IS 'Puerto del servidor del correo electr\u00f3nico'
COMMENT ON COLUMN "CONF_SERVER_MAIL"."TLS" IS 'Indica si los correos electr\u00f3nicos se cifran mediante TLS'
COMMENT ON COLUMN "CONF_SERVER_MAIL"."AUTHENTICATION" IS 'Autenticaci\u00f3n del servidor del correo electr\u00f3nico'
COMMENT ON COLUMN "CONF_SERVER_MAIL"."USER_MAIL" IS 'Usuario del servidor del correo electr\u00f3nico'
COMMENT ON COLUMN "CONF_SERVER_MAIL"."PASSWORD_MAIL" IS 'Contrase\u00f1a del servidor del correo electr\u00f3nico'
-- Table METHOD_VALIDATION\u000aCREATE TABLE "METHOD_VALIDATION" (\u000a\u0009"ID_METHOD_VALIDATION" NUMERIC(19) NOT NULL,\u000a\u0009"METHOD_NAME" VARCHAR(200) NOT NULL,\u000a\u0009"ID_CONF_SPIE" NUMERIC(19) NOT NULL\u000a\u0009)
ALTER TABLE "METHOD_VALIDATION" ADD CONSTRAINT "ID_METHOD_VALIDATION" PRIMARY KEY ("ID_METHOD_VALIDATION")
COMMENT ON TABLE "METHOD_VALIDATION" IS 'Tabla que almacena los m\u00e9todos de validaci\u00f3n de las configuraci\u00f3n de SPIE'
COMMENT ON COLUMN "METHOD_VALIDATION"."ID_METHOD_VALIDATION" IS 'Identificador de la tabla.'
COMMENT ON COLUMN "METHOD_VALIDATION"."METHOD_NAME" IS 'Nombre del m\u00e9todo de validaci\u00f3n.'
COMMENT ON COLUMN "METHOD_VALIDATION"."ID_CONF_SPIE" IS 'Identificador de la tabla conf spie.'
-- Table CONF_SPIE\u000aCREATE TABLE "CONF_SPIE" (\u000a\u0009"ID_CONF_SPIE" NUMERIC(19) NOT NULL,\u000a\u0009"PERCENT_ACCEPT" NUMERIC(19,0) NOT NULL,\u000a\u0009"FREQUENCY_AFIRMA" NUMERIC(19,0) NOT NULL,\u000a\u0009"FREQUENCY_TSA" NUMERIC(19,0) NOT NULL\u000a\u0009)
ALTER TABLE "CONF_SPIE" ADD CONSTRAINT "ID_CONF_SPIE" PRIMARY KEY ("ID_CONF_SPIE")
COMMENT ON TABLE "CONF_SPIE" IS 'Tabla que almacena la configuraci\u00f3n del SPIE'
COMMENT ON COLUMN "CONF_SPIE"."ID_CONF_SPIE" IS 'Identificador de la tabla.'
COMMENT ON COLUMN "CONF_SPIE"."PERCENT_ACCEPT" IS 'Porcentaje de aceptaci\u00f3n de peticiones degradadas en la monitorizaci\u00f3n de SPIE.'
COMMENT ON COLUMN "CONF_SPIE"."FREQUENCY_AFIRMA" IS 'Timer de @firma.'
COMMENT ON COLUMN "CONF_SPIE"."FREQUENCY_TSA" IS 'Timer de TS@.'
-- Table ALARM_DEFECT\u000aCREATE TABLE "ALARM"(\u000a  "ID_ALARM" VARCHAR(100) NOT NULL,\u000a  "DESCRIPTION" VARCHAR(200),\u000a  "TIME_BLOCK" NUMERIC(19,0),\u000a  "ACTIVE" CHAR(1)\u000a)
ALTER TABLE "ALARM" ADD CONSTRAINT "ID_ALARM_SPIE" PRIMARY KEY ("ID_ALARM")
COMMENT ON TABLE "ALARM" IS 'Tabla que almacena las alarmas de la configuraci\u00f3n de SPIE.'
COMMENT ON COLUMN "ALARM"."ID_ALARM" IS 'Identificador de la tabla.'
COMMENT ON COLUMN "ALARM"."DESCRIPTION" IS 'Valor que representa la descripci\u00f3n de la alarma.'
COMMENT ON COLUMN "ALARM"."TIME_BLOCK" IS 'Valor que representa el tiempo de bloqueo de la alarma.'
COMMENT ON COLUMN "ALARM"."ACTIVE" IS 'Valor que representa si la alarma se encuentra activa o no.'
-- R_ALARM_MAIL\u000aCREATE TABLE "R_ALARM_MAIL"(\u000a  "ID_MAIL" NUMERIC(19,0) NOT NULL, \u000a  "ID_ALARM" VARCHAR(100) NOT NULL \u000a)
COMMENT ON COLUMN "R_ALARM_MAIL"."ID_ALARM" IS 'Identificador de la alarma.'
COMMENT ON COLUMN "R_ALARM_MAIL"."ID_MAIL" IS 'Identificador de la direcci\u00f3n de correo electr\u00f3nico.'
-- Table SPIE_SCHEDULED\u000aCREATE TABLE "SPIE_SCHEDULED"(\u000a\u0009"ID_SPIE_SCHEDULED" NUMERIC(19) NOT NULL,\u000a\u0009"ID_PLATFORM_TYPE" NUMERIC(19) NOT NULL,\u000a\u0009"IS_UPDATED" CHAR(1) NOT NULL\u000a)
ALTER TABLE "SPIE_SCHEDULED" ADD CONSTRAINT "ID_SPIE_SCHEDULED" PRIMARY KEY ("ID_SPIE_SCHEDULED")
COMMENT ON TABLE "SPIE_SCHEDULED" IS 'Tabla que almacena las plataformas cuyos SPIE se est\u00e1n monitorizando y est\u00e1n programados.'
COMMENT ON COLUMN "SPIE_SCHEDULED"."ID_SPIE_SCHEDULED" IS 'Identificador de la tabla.'
COMMENT ON COLUMN "SPIE_SCHEDULED"."ID_PLATFORM_TYPE" IS 'Referencia al tipo de plataforma del SPIE programado.'
COMMENT ON COLUMN "SPIE_SCHEDULED"."IS_UPDATED" IS 'Indica si los datos del timer programado est\u00e1n actualizados respecto de la informaci\u00f3n de la base de datos.'
-- Table SPIE_TYPE\u000aCREATE TABLE "SPIE_TYPE" ( \u000a\u0009"ID_SPIE_TYPE" NUMERIC(19) NOT NULL,\u000a\u0009"TOKENNAME" VARCHAR(100) NOT NULL,\u000a\u0009"CONTEXT" VARCHAR(100) NOT NULL,\u000a\u0009"ID_PLATFORM_TYPE" NUMERIC(19) NOT NULL,\u000a\u0009"SEMAPHORE_LEVEL" NUMERIC(1) NOT NULL\u000a\u0009)
ALTER TABLE "SPIE_TYPE" ADD CONSTRAINT "ID_SPIE_TYPE_CONS" PRIMARY KEY ("ID_SPIE_TYPE")
COMMENT ON TABLE "SPIE_TYPE" IS 'Tabla que almacena la informaci\u00f3n relativa a los tipos de servicio SPIE que se van a monitorizar.'
COMMENT ON COLUMN "SPIE_TYPE"."ID_SPIE_TYPE" IS 'Identificador de la tabla.'
COMMENT ON COLUMN "SPIE_TYPE"."TOKENNAME" IS 'Valor que representa el nombre del servicio SPIE.'
COMMENT ON COLUMN "SPIE_TYPE"."CONTEXT" IS 'Valor que representa el contexto de conexi\u00f3n al servicio SPIE.'
COMMENT ON COLUMN "SPIE_TYPE"."ID_PLATFORM_TYPE" IS 'Valor que indica la plataforma a la que accede el servicio SPIE.'
COMMENT ON COLUMN "SPIE_TYPE"."SEMAPHORE_LEVEL" IS 'Valor que indica el nivel de sem\u00e1foro (1-Ambar,2-Rojo) al obtenerse un estado de error en el SPIE'
-- Table DAILY_VIP_MONITORING\u000aCREATE TABLE "DAILY_VIP_MONITORING" ( \u000a\u0009"ID_DAILY_VIP" NUMERIC(19) NOT NULL,\u000a\u0009"STATUS" VARCHAR(100) NOT NULL,\u000a\u0009"PLATFORM" VARCHAR(100) NOT NULL,\u000a\u0009"SERVICE" VARCHAR(100) NOT NULL,\u000a\u0009"SAMPLING_TIME" TIMESTAMP NOT NULL\u000a\u0009)
ALTER TABLE "DAILY_VIP_MONITORING" ADD CONSTRAINT "ID_DAILY_VIP_CONS" PRIMARY KEY ("ID_DAILY_VIP")
COMMENT ON TABLE "DAILY_VIP_MONITORING" IS 'Tabla que almacena la informaci\u00f3n relativa a los estados de los servicios de la VIP monitorizados en un momento determinado.'
COMMENT ON COLUMN "DAILY_VIP_MONITORING"."ID_DAILY_VIP" IS 'Identificador de la tabla.'
COMMENT ON COLUMN "DAILY_VIP_MONITORING"."STATUS" IS 'Valor que representa el estado obtenido para un servicio en un momento determinado.'
COMMENT ON COLUMN "DAILY_VIP_MONITORING"."PLATFORM" IS 'Valor que representa la plataforma a la que pertenece el servicio monitorizado.'
COMMENT ON COLUMN "DAILY_VIP_MONITORING"."SERVICE" IS 'Valor que representa el nombre del servicio monitorizado.'
COMMENT ON COLUMN "DAILY_VIP_MONITORING"."SAMPLING_TIME" IS 'Valor que indica el momento de tiempo en el que se obtuvo el estado para el servicio monitorizado'
-- Table VIP_STATISTICS\u000aCREATE TABLE "VIP_STATISTICS" ( \u000a\u0009"ID_VIP_STATISTICS" NUMERIC(19) NOT NULL,\u000a\u0009"STATUS" VARCHAR(100) NOT NULL,\u000a\u0009"PLATFORM" VARCHAR(100) NOT NULL,\u000a\u0009"SERVICE" VARCHAR(100) NOT NULL,\u000a\u0009"DATE_GROUP" DATE NOT NULL,\u000a\u0009"STATUS_PERCENTAGE" FLOAT(6)\u000a\u0009)
ALTER TABLE "VIP_STATISTICS" ADD CONSTRAINT "ID_VIP_STATISTICS_CONS" PRIMARY KEY ("ID_VIP_STATISTICS")
COMMENT ON TABLE "VIP_STATISTICS" IS 'Tabla que almacena la informaci\u00f3n relativa a los estados de los servicios de la VIP monitorizados en un momento determinado.'
COMMENT ON COLUMN "VIP_STATISTICS"."ID_VIP_STATISTICS" IS 'Identificador de la tabla.'
COMMENT ON COLUMN "VIP_STATISTICS"."STATUS" IS 'Valor que representa el estado obtenido para un servicio en un momento determinado.'
COMMENT ON COLUMN "VIP_STATISTICS"."PLATFORM" IS 'Valor que representa la plataforma a la que pertenece el servicio monitorizado.'
COMMENT ON COLUMN "VIP_STATISTICS"."SERVICE" IS 'Valor que representa el nombre del servicio monitorizado.'
COMMENT ON COLUMN "VIP_STATISTICS"."DATE_GROUP" IS 'Valor que indica la fecha dd/mm/aaaa en la que se agrupa el resultado para el servicio/estado'
COMMENT ON COLUMN "VIP_STATISTICS"."STATUS_PERCENTAGE" IS 'Valor que indica el porcentaje (0-1) de servicios que se encuentran en un estado para la fecha del registro'
-- Table DAILY_SPIE_MONITORING\u000aCREATE TABLE "DAILY_SPIE_MONITORING" ( \u000a\u0009"ID_DAILY_SPIE" NUMERIC(19) NOT NULL,\u000a\u0009"STATUS" VARCHAR(100) NOT NULL,\u000a\u0009"PLATFORM" VARCHAR(100) NOT NULL,\u000a\u0009"NODE" VARCHAR(100) NOT NULL,\u000a\u0009"SERVICE" VARCHAR(100) NOT NULL,\u000a\u0009"SAMPLING_TIME" TIMESTAMP NOT NULL\u000a\u0009)
ALTER TABLE "DAILY_SPIE_MONITORING" ADD CONSTRAINT "ID_DAILY_SPIE_CONS" PRIMARY KEY ("ID_DAILY_SPIE")
COMMENT ON TABLE "DAILY_SPIE_MONITORING" IS 'Tabla que almacena la informaci\u00f3n relativa a los estados de los servicios SPIE monitorizados en un momento determinado.'
COMMENT ON COLUMN "DAILY_SPIE_MONITORING"."ID_DAILY_SPIE" IS 'Identificador de la tabla.'
COMMENT ON COLUMN "DAILY_SPIE_MONITORING"."STATUS" IS 'Valor que representa el estado obtenido para un servicio en un momento determinado.'
COMMENT ON COLUMN "DAILY_SPIE_MONITORING"."PLATFORM" IS 'Valor que representa la plataforma a la que pertenece el servicio monitorizado.'
COMMENT ON COLUMN "DAILY_SPIE_MONITORING"."NODE" IS 'Valor que representa el nodo a la que pertenece el servicio monitorizado.'
COMMENT ON COLUMN "DAILY_SPIE_MONITORING"."SERVICE" IS 'Valor que representa el nombre del servicio monitorizado.'
COMMENT ON COLUMN "DAILY_SPIE_MONITORING"."SAMPLING_TIME" IS 'Valor que indica el momento de tiempo en el que se obtuvo el estado para el servicio monitorizado'
-- Table SPIE_STATISTICS\u000aCREATE TABLE "SPIE_STATISTICS" ( \u000a\u0009"ID_SPIE_STATISTICS" NUMERIC(19) NOT NULL,\u000a\u0009"STATUS" VARCHAR(100) NOT NULL,\u000a\u0009"PLATFORM" VARCHAR(100) NOT NULL,\u000a\u0009"NODE" VARCHAR(100) NOT NULL,\u000a\u0009"SERVICE" VARCHAR(100) NOT NULL,\u000a\u0009"DATE_GROUP" DATE NOT NULL,\u000a\u0009"STATUS_PERCENTAGE" FLOAT(6)\u000a\u0009)
ALTER TABLE "SPIE_STATISTICS" ADD CONSTRAINT "ID_SPIE_STATISTICS_CONS" PRIMARY KEY ("ID_SPIE_STATISTICS")
COMMENT ON TABLE "SPIE_STATISTICS" IS 'Tabla que almacena la informaci\u00f3n relativa a los estados de los servicios de la VIP monitorizados en un momento determinado.'
COMMENT ON COLUMN "SPIE_STATISTICS"."ID_SPIE_STATISTICS" IS 'Identificador de la tabla.'
COMMENT ON COLUMN "SPIE_STATISTICS"."STATUS" IS 'Valor que representa el estado obtenido para un servicio en un momento determinado.'
COMMENT ON COLUMN "SPIE_STATISTICS"."PLATFORM" IS 'Valor que representa la plataforma a la que pertenece el servicio monitorizado.'
COMMENT ON COLUMN "SPIE_STATISTICS"."NODE" IS 'Valor que representa el nodo al que pertenece el servicio monitorizado.'
COMMENT ON COLUMN "SPIE_STATISTICS"."SERVICE" IS 'Valor que representa el nombre del servicio monitorizado.'
COMMENT ON COLUMN "SPIE_STATISTICS"."DATE_GROUP" IS 'Valor que indica la fecha dd/mm/aaaa en la que se agrupa el resultado para el servicio/estado'
COMMENT ON COLUMN "SPIE_STATISTICS"."STATUS_PERCENTAGE" IS 'Valor que indica el porcentaje (0-1) de servicios que se encuentran en un estado para la fecha del registro'
ALTER TABLE "SERVICE_MONITORIZA" ADD CONSTRAINT "R_TIMER_SERVICE_FK" FOREIGN KEY ("ID_TIMER_SERVICE") REFERENCES "TIMER_MONITORIZA" ("ID_TIMER")
ALTER TABLE "SERVICE_MONITORIZA" ADD CONSTRAINT "R_ALARM_SERVICE_FK" FOREIGN KEY ("ID_ALARM_SERVICE") REFERENCES "ALARM_MONITORIZA" ("ID_ALARM")
ALTER TABLE "SERVICE_MONITORIZA" ADD CONSTRAINT "R_PLATFORM_SERVICE_FK" FOREIGN KEY ("ID_PLATFORM_SERVICE") REFERENCES "PLATFORM_MONITORIZA" ("ID_PLATFORM")
ALTER TABLE "SERVICE_MONITORIZA" ADD CONSTRAINT "R_REQUEST_FILE_FK" FOREIGN KEY ("ID_REQUEST_FILE") REFERENCES "REQUEST_SERVICE_FILE" ("ID_REQUEST_SERVICE_FILE")
ALTER TABLE "PLATFORM_MONITORIZA" ADD CONSTRAINT "ID_PLATFORM_TYPE_FK" FOREIGN KEY ("ID_PLATFORM_TYPE") REFERENCES "C_PLATFORM_TYPE" ("ID_PLATFORM_TYPE")
ALTER TABLE "PLATFORM_MONITORIZA" ADD CONSTRAINT "ID_SYSTEM_CERTIFICATE_FK" FOREIGN KEY ("RFC3161_AUTH_CERTIFICATE") REFERENCES "SYSTEM_CERTIFICATE" ("ID_SYSTEM_CERTIFICATE")
ALTER TABLE "SYSTEM_CERTIFICATE" ADD CONSTRAINT "R_SC_K" FOREIGN KEY ("ID_KEYSTORE") REFERENCES "KEYSTORE" ("ID_KEYSTORE")
ALTER TABLE "TIMER_SCHEDULED" ADD CONSTRAINT "ID_TIMER_FK" FOREIGN KEY ("ID_TIMER") REFERENCES "TIMER_MONITORIZA" ("ID_TIMER")
ALTER TABLE "NODE_MONITORIZA" ADD CONSTRAINT "ID_NODE_TYPE_FK" FOREIGN KEY ("ID_NODE_TYPE") REFERENCES "C_PLATFORM_TYPE" ("ID_PLATFORM_TYPE")
ALTER TABLE "SPIE_TYPE" ADD CONSTRAINT "ID_SPIE_PLATFORM_TYPE_FK" FOREIGN KEY ("ID_PLATFORM_TYPE") REFERENCES "C_PLATFORM_TYPE" ("ID_PLATFORM_TYPE")
ALTER TABLE "VALID_SERVICE" ADD CONSTRAINT "ID_AUTHENTICATION_TYPE_FK" FOREIGN KEY ("ID_AUTHENTICATION_TYPE") REFERENCES "C_AUTHENTICATION_TYPE" ("ID_AUTHENTICATION_TYPE")
ALTER TABLE "VALID_SERVICE" ADD CONSTRAINT "ID_SYSCERT_VALID_FK" FOREIGN KEY ("ID_AUTH_CERTIFICATE") REFERENCES "SYSTEM_CERTIFICATE" ("ID_SYSTEM_CERTIFICATE")
ALTER TABLE "SYSTEM_CERTIFICATE" ADD CONSTRAINT "ID_STATUS_CERTIFICATE_FK" FOREIGN KEY ("ID_STATUS_CERTIFICATE") REFERENCES "C_STATUS_CERTIFICATES" ("ID_STATUS_CERTIFICATE")
ALTER TABLE "SYSTEM_CERTIFICATE" ADD CONSTRAINT "ID_USER_MONITORIZA_FK" FOREIGN KEY ("ID_USER_MONITORIZA") REFERENCES "USER_MONITORIZA" ("ID_USER_MONITORIZA")
ALTER TABLE "R_ALARM_MAIL_DEGRADED" ADD CONSTRAINT "R_ALARM_MAIL_DEGRADED_FK" FOREIGN KEY ("ID_ALARM") REFERENCES "ALARM_MONITORIZA" ("ID_ALARM")
ALTER TABLE "R_ALARM_MAIL_DEGRADED" ADD CONSTRAINT "R_MAIL_ALARM_DEGRADED_FK" FOREIGN KEY ("ID_MAIL") REFERENCES "MAIL_MONITORIZA" ("ID_MAIL")
ALTER TABLE "R_ALARM_MAIL_DOWN" ADD CONSTRAINT "R_ALARM_MAIL_DOWN_FK" FOREIGN KEY ("ID_ALARM") REFERENCES "ALARM_MONITORIZA" ("ID_ALARM")
ALTER TABLE "R_ALARM_MAIL_DOWN" ADD CONSTRAINT "R_MAIL_ALARM_DOWN_FK" FOREIGN KEY ("ID_MAIL") REFERENCES "MAIL_MONITORIZA" ("ID_MAIL")
ALTER TABLE "R_ALARM_MAIL" ADD CONSTRAINT "R_ALARM_MAIL_FK" FOREIGN KEY ("ID_ALARM") REFERENCES "ALARM" ("ID_ALARM")
ALTER TABLE "R_ALARM_MAIL" ADD CONSTRAINT "R_MAIL_ALARM_FK" FOREIGN KEY ("ID_MAIL") REFERENCES "MAIL_MONITORIZA" ("ID_MAIL")
-- ********************************************************\u000a-- ************** Creaci\u00f3n de Secuencias ******************\u000a-- ********************************************************\u000a\u000a-- Secuencia necesaria para la clave de la tabla USER_MONITORIZA.\u000aCREATE SEQUENCE SQ_USER_MONITORIZA AS NUMERIC(19)\u000a  START WITH 2 INCREMENT BY 1 MINVALUE 1 NO MAXVALUE NO CYCLE
-- Secuencia necesaria para la clave de la tabla ALARM_MONITORIZA.\u000aCREATE SEQUENCE SQ_ALARM_MONITORIZA AS NUMERIC(19)\u000a  START WITH 1 INCREMENT BY 1 MINVALUE 1 NO MAXVALUE NO CYCLE
-- Secuencia necesaria para la clave de la tabla MAIL_MONITORIZA.\u000aCREATE SEQUENCE SQ_MAIL_MONITORIZA AS NUMERIC(19)\u000a  START WITH 1 INCREMENT BY 1 MINVALUE 1 NO MAXVALUE NO CYCLE
-- Secuencia necesaria para la clave de la tabla PLATFORM_AFIRMA.\u000aCREATE SEQUENCE SQ_PLATFORM_MONITORIZA AS NUMERIC(19)\u000a  START WITH 1 INCREMENT BY 1 MINVALUE 1 NO MAXVALUE NO CYCLE
-- Secuencia necesaria para la clave de la tabla SERVICE_MONITORIZA.\u000aCREATE SEQUENCE SQ_SERVICE_MONITORIZA AS NUMERIC(19)\u000a  START WITH 1 INCREMENT BY 1 MINVALUE 1 NO MAXVALUE NO CYCLE
-- Secuencia necesaria para la clave de la tabla TIMER_MONITORIZA.\u000aCREATE SEQUENCE SQ_TIMER_MONITORIZA AS NUMERIC(19)\u000a  START WITH 1 INCREMENT BY 1 MINVALUE 1 NO MAXVALUE NO CYCLE
-- Secuencia necesaria para la clave de la tabla TIMER_MONITORIZA.\u000aCREATE SEQUENCE SQ_R_ALARM_MAIL AS NUMERIC(19)\u000a  START WITH 1 INCREMENT BY 1 MINVALUE 1 NO MAXVALUE NO CYCLE
-- Secuencia necesaria para la clave de la tabla CERTIFICATES\u000aCREATE SEQUENCE SQ_CERTIFICATES AS NUMERIC(19)\u000a  START WITH 1 INCREMENT BY 1 MINVALUE 1 NO MAXVALUE NO CYCLE
-- Secuencia necesaria para la clave de la tabla SYSTEM_CERTIFICATE.\u000aCREATE SEQUENCE SQ_SYSTEM_CERTIFICATE AS NUMERIC(19)\u000a  START WITH 1 INCREMENT BY 1 MINVALUE 1 NO MAXVALUE NO CYCLE
-- Secuencia necesaria para la clave de la tabla R_ALARM_MAIL_DEGRADED.\u000aCREATE SEQUENCE SQ_R_ALARM_MAIL_DEGRADED AS NUMERIC(19)\u000a  START WITH 1 INCREMENT BY 1 MINVALUE 1 NO MAXVALUE NO CYCLE
-- Secuencia necesaria para la clave de la tabla R_ALARM_MAIL_DOWN.\u000aCREATE SEQUENCE SQ_R_ALARM_MAIL_DOWN AS NUMERIC(19)\u000a  START WITH 1 INCREMENT BY 1 MINVALUE 1 NO MAXVALUE NO CYCLE
-- Secuencia necesaria para la clave de la tabla C_STATUS_CERTIFICATES.\u000aCREATE SEQUENCE SQ_C_STATUS_CERTIFICATES AS NUMERIC(19)\u000a  START WITH 1 INCREMENT BY 1 MINVALUE 1 NO MAXVALUE NO CYCLE
-- Secuencia necesaria para la clave de la tabla TIMER_SCHEDULED.\u000aCREATE SEQUENCE SQ_TIMER_SCHEDULED AS NUMERIC(19)\u000a  START WITH 1 INCREMENT BY 1 MINVALUE 1 NO MAXVALUE NO CYCLE
-- Secuencia necesaria para la clave de la tabla C_AUTHENTICATION_TYPE.\u000aCREATE SEQUENCE SQ_C_AUTHENTICATION_TYPE AS NUMERIC(19)\u000a  START WITH 1 INCREMENT BY 1 MINVALUE 1 NO MAXVALUE NO CYCLE
-- Secuencia necesaria para la clave de la tabla VALID_SERVICE.\u000aCREATE SEQUENCE SQ_VALID_SERVICE AS NUMERIC(19)\u000a  START WITH 1 INCREMENT BY 1 MINVALUE 1 NO MAXVALUE NO CYCLE
-- Secuencia necesaria para la clave de la tabla TIMER_SCHEDULED.\u000aCREATE SEQUENCE SQ_REQUEST_SERVICE_FILE AS NUMERIC(19)\u000a  START WITH 1 INCREMENT BY 1 MINVALUE 1 NO MAXVALUE NO CYCLE
-- Secuencia necesaria para la clave de la tabla NODE_MONITORIZA.\u000aCREATE SEQUENCE SQ_NODE_MONITORIZA AS NUMERIC(19)\u000a  START WITH 1 INCREMENT BY 1 MINVALUE 1 NO MAXVALUE NO CYCLE
-- Secuencia necesaria para la clave de la tabla CONF_SERVER_MAIL.\u000aCREATE SEQUENCE SQ_CONF_SERVER_MAIL AS NUMERIC(19)\u000a  START WITH 1 INCREMENT BY 1 MINVALUE 1 NO MAXVALUE NO CYCLE
-- Secuencia necesaria para la clave de la tabla CONF_SERVER_MAIL.\u000aCREATE SEQUENCE SQ_METHOD_VALIDATION AS NUMERIC(19)\u000a  START WITH 1 INCREMENT BY 1 MINVALUE 1 NO MAXVALUE NO CYCLE
-- Secuencia necesaria para la clave de la tabla CONF_SERVER_MAIL.\u000aCREATE SEQUENCE SQ_CONF_SPIE AS NUMERIC(19)\u000a  START WITH 1 INCREMENT BY 1 MINVALUE 1 NO MAXVALUE NO CYCLE
-- Secuencia necesaria para la clave de la tabla SPIE_SCHEDULED.\u000aCREATE SEQUENCE SQ_SPIE_SCHEDULED AS NUMERIC(19)\u000a  START WITH 1 INCREMENT BY 1 MINVALUE 1 NO MAXVALUE NO CYCLE
-- Secuencia necesaria para la clave de la tabla SPIE_TYPE.\u000aCREATE SEQUENCE SQ_SPIE_TYPE AS NUMERIC(19)\u000a  START WITH 1 INCREMENT BY 1 MINVALUE 1 NO MAXVALUE NO CYCLE
-- Secuencia necesaria para la clave de la tabla DAILY_VIP_MONITORING\u000aCREATE SEQUENCE SQ_DAILY_VIP_MONITORING AS NUMERIC(19)\u000a  START WITH 1 INCREMENT BY 1 MINVALUE 1 NO MAXVALUE NO CYCLE
-- Secuencia necesaria para la clave de la tabla VIP_STATISTICS\u000aCREATE SEQUENCE SQ_VIP_STATISTICS AS NUMERIC(19)\u000a  START WITH 1 INCREMENT BY 1 MINVALUE 1 NO MAXVALUE NO CYCLE
-- Secuencia necesaria para la clave de la tabla DAILY_SPIE_MONITORING\u000aCREATE SEQUENCE SQ_DAILY_SPIE_MONITORING AS NUMERIC(19)\u000a  START WITH 1 INCREMENT BY 1 MINVALUE 1 NO MAXVALUE NO CYCLE
-- Secuencia necesaria para la clave de la tabla SPIE_STATISTICS\u000aCREATE SEQUENCE SQ_SPIE_STATISTICS AS NUMERIC(19)\u000a  START WITH 1 INCREMENT BY 1 MINVALUE 1 NO MAXVALUE NO CYCLE
INSERT INTO "USER_MONITORIZA" VALUES(1,'admin','$2a$04$THxVTEMMIVxHUxwjm9gKjetbxvPX/H9r54HtukxBTMcAXSrgDzCGK','admin','admin','admin@admin.com','N',0,NULL,NULL)
COMMIT
INSERT INTO "C_PLATFORM_TYPE" VALUES(1,'@Firma')
COMMIT
INSERT INTO "C_PLATFORM_TYPE" VALUES(2,'TS@')
COMMIT
INSERT INTO "C_PLATFORM_TYPE" VALUES(3,'Cl@ve')
COMMIT
/*C1*/INSERT INTO LOB_IDS VALUES(1,32,0,30)
ALTER SEQUENCE SYSTEM_LOBS.LOB_ID RESTART WITH 2
COMMIT
DELETE FROM BLOCKS WHERE BLOCK_ADDR=0
INSERT INTO BLOCKS VALUES(0,1,0)
INSERT INTO BLOCKS VALUES(1,2147483646,0)
DELETE FROM BLOCKS WHERE BLOCK_ADDR=0
INSERT INTO LOBS VALUES(0,1,0,1)
COMMIT
/*C3*/INSERT INTO "KEYSTORE" VALUES(1,'TrustStoreSSL',1,'KEYSTORE01','UH2rpWNDX+RLltMuyFPirQ==','JCEKS',0)
SET SCHEMA SYSTEM_LOBS
DELETE FROM LOB_IDS WHERE LOB_ID=1
INSERT INTO LOB_IDS VALUES(1,32,1,30)
COMMIT
/*C1*/INSERT INTO LOB_IDS VALUES(2,32,0,30)
ALTER SEQUENCE SYSTEM_LOBS.LOB_ID RESTART WITH 3
COMMIT
DELETE FROM BLOCKS WHERE BLOCK_ADDR=1
INSERT INTO BLOCKS VALUES(1,1,0)
INSERT INTO BLOCKS VALUES(2,2147483645,0)
DELETE FROM BLOCKS WHERE BLOCK_ADDR=1
INSERT INTO LOBS VALUES(1,1,0,2)
COMMIT
/*C3*/SET SCHEMA PUBLIC
INSERT INTO "KEYSTORE" VALUES(2,'AuthClientRFC3161',2,'KEYSTORE02','UH2rpWNDX+RLltMuyFPirQ==','JCEKS',0)
SET SCHEMA SYSTEM_LOBS
DELETE FROM LOB_IDS WHERE LOB_ID=2
INSERT INTO LOB_IDS VALUES(2,32,1,30)
COMMIT
/*C1*/INSERT INTO LOB_IDS VALUES(3,32,0,30)
ALTER SEQUENCE SYSTEM_LOBS.LOB_ID RESTART WITH 4
COMMIT
DELETE FROM BLOCKS WHERE BLOCK_ADDR=2
INSERT INTO BLOCKS VALUES(2,1,0)
INSERT INTO BLOCKS VALUES(3,2147483644,0)
DELETE FROM BLOCKS WHERE BLOCK_ADDR=2
INSERT INTO LOBS VALUES(2,1,0,3)
COMMIT
/*C3*/SET SCHEMA PUBLIC
INSERT INTO "KEYSTORE" VALUES(3,'UserStore',3,'KEYSTORE03','UH2rpWNDX+RLltMuyFPirQ==','JCEKS',0)
SET SCHEMA SYSTEM_LOBS
DELETE FROM LOB_IDS WHERE LOB_ID=3
INSERT INTO LOB_IDS VALUES(3,32,1,30)
COMMIT
/*C1*/INSERT INTO LOB_IDS VALUES(4,32,0,30)
ALTER SEQUENCE SYSTEM_LOBS.LOB_ID RESTART WITH 5
COMMIT
DELETE FROM BLOCKS WHERE BLOCK_ADDR=3
INSERT INTO BLOCKS VALUES(3,1,0)
INSERT INTO BLOCKS VALUES(4,2147483643,0)
DELETE FROM BLOCKS WHERE BLOCK_ADDR=3
INSERT INTO LOBS VALUES(3,1,0,4)
COMMIT
/*C3*/SET SCHEMA PUBLIC
INSERT INTO "KEYSTORE" VALUES(4,'ValidServiceStore',4,'KEYSTORE04','UH2rpWNDX+RLltMuyFPirQ==','JCEKS',0)
SET SCHEMA SYSTEM_LOBS
DELETE FROM LOB_IDS WHERE LOB_ID=4
INSERT INTO LOB_IDS VALUES(4,32,1,30)
COMMIT
SET SCHEMA PUBLIC
INSERT INTO "C_STATUS_CERTIFICATES" VALUES(1,'V\u00e1lido')
COMMIT
INSERT INTO "C_STATUS_CERTIFICATES" VALUES(2,'Caducado')
COMMIT
INSERT INTO "C_STATUS_CERTIFICATES" VALUES(3,'Revocado')
COMMIT
INSERT INTO "C_STATUS_CERTIFICATES" VALUES(4,'Desconocido')
COMMIT
INSERT INTO "C_STATUS_CERTIFICATES" VALUES(5,'A\u00fan no v\u00e1lido')
COMMIT
INSERT INTO "C_STATUS_CERTIFICATES" VALUES(6,'No v\u00e1lido')
COMMIT
INSERT INTO "C_AUTHENTICATION_TYPE" VALUES(1,'Sin autenticaci\u00f3n')
COMMIT
INSERT INTO "C_AUTHENTICATION_TYPE" VALUES(2,'Usuario/Password')
COMMIT
INSERT INTO "C_AUTHENTICATION_TYPE" VALUES(3,'Certificado')
COMMIT
INSERT INTO "ALARM" VALUES('ALM_001','ALARMDESC001',NULL,'Y')
COMMIT
INSERT INTO "ALARM" VALUES('ALM_002','ALARMDESC002',NULL,'Y')
COMMIT
INSERT INTO "ALARM" VALUES('ALM_003','ALARMDESC003',NULL,'Y')
COMMIT
INSERT INTO "ALARM" VALUES('ALM_004','ALARMDESC004',NULL,'Y')
COMMIT
INSERT INTO "ALARM" VALUES('ALM_005','ALARMDESC005',NULL,'Y')
COMMIT
INSERT INTO "ALARM" VALUES('ALM_006','ALARMDESC006',NULL,'Y')
COMMIT
INSERT INTO "ALARM" VALUES('ALM_007','ALARMDESC007',NULL,'Y')
COMMIT
INSERT INTO "ALARM" VALUES('ALM_008','ALARMDESC008',NULL,'Y')
COMMIT
INSERT INTO "ALARM" VALUES('ALM_009','ALARMDESC009',NULL,'Y')
COMMIT
INSERT INTO "SPIE_TYPE" VALUES(1,'HSM Connection','/spie/checkStatusInf?opCodes=4',1,1)
COMMIT
INSERT INTO "SPIE_TYPE" VALUES(2,'Emergency mode','/spie/checkStatusInf?opCodes=2',1,1)
COMMIT
INSERT INTO "SPIE_TYPE" VALUES(3,'TS@ Connection','/spie/checkStatusInf?opCodes=5',1,2)
COMMIT
INSERT INTO "SPIE_TYPE" VALUES(4,'Validation methods','/spie/checkStatusInf?opCodes=6',1,1)
COMMIT
INSERT INTO "SPIE_TYPE" VALUES(5,'Response times','/spie/checkStatusInf?opCodes=7',1,1)
COMMIT
INSERT INTO "SPIE_TYPE" VALUES(6,'HSM Connection','/spie/checkStatusInf?opCodes=4',2,1)
COMMIT
INSERT INTO "SPIE_TYPE" VALUES(7,'Emergency mode','/spie/checkStatusInf?opCodes=2',2,1)
COMMIT
INSERT INTO "SPIE_TYPE" VALUES(8,'@Firma Connection','/spie/checkStatusInf?opCodes=5',2,2)
COMMIT
/*C2*/SET SCHEMA PUBLIC
DISCONNECT
/*C3*/DISCONNECT
