2018-11-05; 08:10:21.405 [main] ERROR es.clave.sp.SpProtocolEngineFactory  - - -Unable to instantiate default SAML engines: java.lang.NullPointerException
java.lang.NullPointerException: null
	at es.clave.sp.SPUtil.getConfigFilePath(SPUtil.java:41)
	at es.clave.sp.SpProtocolEngineFactory$LazyHolder.<clinit>(SpProtocolEngineFactory.java:40)
	at es.clave.sp.SpProtocolEngineFactory.getInstance(SpProtocolEngineFactory.java:64)
	at es.clave.sp.SpProtocolEngineFactory.getSpProtocolEngine(SpProtocolEngineFactory.java:76)
	at es.gob.monitoriza.invoker.http.HttpInvoker.sendRequest(HttpInvoker.java:135)
	at es.gob.monitoriza.invoker.http.HttpInvoker.main(HttpInvoker.java:315)
2018-11-05; 08:32:43.998 [main] ERROR es.clave.sp.SpProtocolEngineFactory  - - -Unable to instantiate default SAML engines: java.lang.NullPointerException
java.lang.NullPointerException: null
	at es.clave.sp.SPUtil.getConfigFilePath(SPUtil.java:41)
	at es.clave.sp.SpProtocolEngineFactory$LazyHolder.<clinit>(SpProtocolEngineFactory.java:40)
	at es.clave.sp.SpProtocolEngineFactory.getInstance(SpProtocolEngineFactory.java:64)
	at es.clave.sp.SpProtocolEngineFactory.getSpProtocolEngine(SpProtocolEngineFactory.java:76)
	at es.gob.monitoriza.invoker.http.HttpInvoker.sendRequest(HttpInvoker.java:137)
	at es.gob.monitoriza.invoker.http.HttpInvoker.main(HttpInvoker.java:314)
2018-11-05; 08:49:11.626 [main] ERROR es.clave.sp.SpProtocolEngineFactory  - - -Unable to instantiate default SAML engines: java.lang.NullPointerException
java.lang.NullPointerException: null
	at es.clave.sp.SPUtil.getConfigFilePath(SPUtil.java:41)
	at es.clave.sp.SpProtocolEngineFactory$LazyHolder.<clinit>(SpProtocolEngineFactory.java:40)
	at es.clave.sp.SpProtocolEngineFactory.getInstance(SpProtocolEngineFactory.java:64)
	at es.clave.sp.SpProtocolEngineFactory.getSpProtocolEngine(SpProtocolEngineFactory.java:76)
	at es.gob.monitoriza.invoker.http.HttpInvoker.sendRequest(HttpInvoker.java:137)
	at es.gob.monitoriza.invoker.http.HttpInvoker.main(HttpInvoker.java:314)
2018-11-05; 08:52:00.670 [main] ERROR es.clave.sp.SpProtocolEngineFactory  - - -Unable to instantiate default SAML engines: java.lang.NullPointerException
java.lang.NullPointerException: null
	at es.clave.sp.SPUtil.getConfigFilePath(SPUtil.java:41)
	at es.clave.sp.SpProtocolEngineFactory$LazyHolder.<clinit>(SpProtocolEngineFactory.java:40)
	at es.clave.sp.SpProtocolEngineFactory.getInstance(SpProtocolEngineFactory.java:64)
	at es.clave.sp.SpProtocolEngineFactory.getSpProtocolEngine(SpProtocolEngineFactory.java:76)
	at es.gob.monitoriza.invoker.http.HttpInvoker.sendRequest(HttpInvoker.java:137)
	at es.gob.monitoriza.invoker.http.HttpInvoker.main(HttpInvoker.java:314)
2018-11-05; 08:52:19.651 [main] ERROR es.clave.sp.SpProtocolEngineFactory  - - -Unable to instantiate default SAML engines: java.lang.NullPointerException
java.lang.NullPointerException: null
	at es.clave.sp.SPUtil.getConfigFilePath(SPUtil.java:41)
	at es.clave.sp.SpProtocolEngineFactory$LazyHolder.<clinit>(SpProtocolEngineFactory.java:40)
	at es.clave.sp.SpProtocolEngineFactory.getInstance(SpProtocolEngineFactory.java:64)
	at es.clave.sp.SpProtocolEngineFactory.getSpProtocolEngine(SpProtocolEngineFactory.java:76)
	at es.gob.monitoriza.invoker.http.HttpInvoker.sendRequest(HttpInvoker.java:137)
	at es.gob.monitoriza.invoker.http.HttpInvoker.main(HttpInvoker.java:314)
2018-11-05; 08:53:17.721 [main] ERROR es.clave.sp.SpProtocolEngineFactory  - - -Unable to instantiate default SAML engines: java.lang.NullPointerException
java.lang.NullPointerException: null
	at es.clave.sp.SPUtil.getConfigFilePath(SPUtil.java:41)
	at es.clave.sp.SpProtocolEngineFactory$LazyHolder.<clinit>(SpProtocolEngineFactory.java:40)
	at es.clave.sp.SpProtocolEngineFactory.getInstance(SpProtocolEngineFactory.java:64)
	at es.clave.sp.SpProtocolEngineFactory.getSpProtocolEngine(SpProtocolEngineFactory.java:76)
	at es.gob.monitoriza.invoker.http.HttpInvoker.sendRequest(HttpInvoker.java:136)
	at es.gob.monitoriza.invoker.http.HttpInvoker.main(HttpInvoker.java:313)
2018-11-05; 08:54:21.015 [main] ERROR es.clave.sp.SpProtocolEngineFactory  - - -Unable to instantiate default SAML engines: java.lang.NullPointerException
java.lang.NullPointerException: null
	at es.clave.sp.SPUtil.getConfigFilePath(SPUtil.java:41)
	at es.clave.sp.SpProtocolEngineFactory$LazyHolder.<clinit>(SpProtocolEngineFactory.java:40)
	at es.clave.sp.SpProtocolEngineFactory.getInstance(SpProtocolEngineFactory.java:64)
	at es.clave.sp.SpProtocolEngineFactory.getSpProtocolEngine(SpProtocolEngineFactory.java:76)
	at es.gob.monitoriza.invoker.http.HttpInvoker.sendRequest(HttpInvoker.java:136)
	at es.gob.monitoriza.invoker.http.HttpInvoker.main(HttpInvoker.java:313)
2018-11-05; 08:55:21.209 [main] ERROR es.clave.sp.SpProtocolEngineFactory  - - -Unable to instantiate default SAML engines: java.lang.NullPointerException
java.lang.NullPointerException: null
	at es.clave.sp.SPUtil.getConfigFilePath(SPUtil.java:41)
	at es.clave.sp.SpProtocolEngineFactory$LazyHolder.<clinit>(SpProtocolEngineFactory.java:40)
	at java.lang.Class.forName0(Native Method)
	at java.lang.Class.forName(Class.java:348)
	at es.clave.sp.SpProtocolEngineFactory.getInstance(SpProtocolEngineFactory.java:64)
	at es.clave.sp.SpProtocolEngineFactory.getSpProtocolEngine(SpProtocolEngineFactory.java:76)
	at es.gob.monitoriza.invoker.http.HttpInvoker.sendRequest(HttpInvoker.java:136)
	at es.gob.monitoriza.invoker.http.HttpInvoker.main(HttpInvoker.java:313)
2018-11-05; 09:14:04.478 [main] ERROR es.clave.sp.SpProtocolEngineFactory  - - -Unable to instantiate default SAML engines: java.lang.NullPointerException
java.lang.NullPointerException: null
	at es.clave.sp.SPUtil.getConfigFilePath(SPUtil.java:41)
	at es.clave.sp.SpProtocolEngineFactory$LazyHolder.<clinit>(SpProtocolEngineFactory.java:40)
	at es.clave.sp.SpProtocolEngineFactory.getInstance(SpProtocolEngineFactory.java:64)
	at es.clave.sp.SpProtocolEngineFactory.getSpProtocolEngine(SpProtocolEngineFactory.java:76)
	at es.gob.monitoriza.invoker.http.HttpInvoker.sendRequest(HttpInvoker.java:136)
	at es.gob.monitoriza.invoker.http.HttpInvoker.main(HttpInvoker.java:313)
2018-11-05; 09:15:05.553 [main] ERROR es.clave.sp.SpProtocolEngineFactory  - - -Unable to instantiate default SAML engines: java.lang.NullPointerException
java.lang.NullPointerException: null
	at es.clave.sp.SPUtil.getConfigFilePath(SPUtil.java:41)
	at es.clave.sp.SpProtocolEngineFactory$LazyHolder.<clinit>(SpProtocolEngineFactory.java:40)
	at es.clave.sp.SpProtocolEngineFactory.getInstance(SpProtocolEngineFactory.java:64)
	at es.clave.sp.SpProtocolEngineFactory.getSpProtocolEngine(SpProtocolEngineFactory.java:76)
	at es.gob.monitoriza.invoker.http.HttpInvoker.sendRequest(HttpInvoker.java:136)
	at es.gob.monitoriza.invoker.http.HttpInvoker.main(HttpInvoker.java:313)
2018-11-05; 09:16:35.846 [main] ERROR es.clave.sp.SpProtocolEngineFactory  - - -Unable to instantiate default SAML engines: java.lang.NullPointerException
java.lang.NullPointerException: null
	at es.clave.sp.SPUtil.getConfigFilePath(SPUtil.java:41)
	at es.clave.sp.SpProtocolEngineFactory$LazyHolder.<clinit>(SpProtocolEngineFactory.java:40)
	at es.clave.sp.SpProtocolEngineFactory.getInstance(SpProtocolEngineFactory.java:64)
	at es.clave.sp.SpProtocolEngineFactory.getSpProtocolEngine(SpProtocolEngineFactory.java:76)
	at es.gob.monitoriza.invoker.http.HttpInvoker.sendRequest(HttpInvoker.java:136)
	at es.gob.monitoriza.invoker.http.HttpInvoker.main(HttpInvoker.java:313)
2018-11-05; 09:21:14.959 [main] ERROR eu.eidas.auth.commons.io.ResourceLocator  - - -
java.security.PrivilegedActionException: null
	at java.security.AccessController.doPrivileged(Native Method)
	at eu.eidas.auth.commons.io.ResourceLocator.getResource(ResourceLocator.java:94)
	at eu.eidas.auth.commons.io.SingletonAccessors.newFileAccessor(SingletonAccessors.java:207)
	at eu.eidas.auth.engine.configuration.dom.ReloadableProtocolConfigurationMap.<init>(ReloadableProtocolConfigurationMap.java:57)
	at eu.eidas.auth.engine.configuration.dom.ProtocolEngineConfigurationFactory.<init>(ProtocolEngineConfigurationFactory.java:72)
	at eu.eidas.auth.engine.configuration.dom.DefaultProtocolEngineConfigurationFactory$LazyHolder.<clinit>(DefaultProtocolEngineConfigurationFactory.java:38)
	at eu.eidas.auth.engine.configuration.dom.DefaultProtocolEngineConfigurationFactory.getInstance(DefaultProtocolEngineConfigurationFactory.java:84)
	at eu.eidas.auth.engine.DefaultProtocolEngineFactory$LazyHolder.<clinit>(DefaultProtocolEngineFactory.java:35)
	at eu.eidas.auth.engine.DefaultProtocolEngineFactory.getInstance(DefaultProtocolEngineFactory.java:57)
	at es.gob.monitoriza.invoker.http.HttpInvoker.sendRequest(HttpInvoker.java:139)
	at es.gob.monitoriza.invoker.http.HttpInvoker.main(HttpInvoker.java:316)
Caused by: java.io.FileNotFoundException: File "SamlEngine.xml" cannot be found from path: "C:\Users\samuel.zuluaga\Desktop\workspaceMonitorizaManu\monitoriza\monitoriza-afirma-status-app\SamlEngine.xml"
	at eu.eidas.auth.commons.io.ResourceLocator$1.getFileUrl(ResourceLocator.java:107)
	at eu.eidas.auth.commons.io.ResourceLocator$1.run(ResourceLocator.java:114)
	at eu.eidas.auth.commons.io.ResourceLocator$1.run(ResourceLocator.java:94)
	... 11 common frames omitted
2018-11-05; 09:21:15.016 [main] ERROR e.e.a.e.c.dom.DefaultProtocolEngineConfigurationFactory  - - -Problem initializing the static configurations: java.lang.IllegalArgumentException: java.io.FileNotFoundException: File "SamlEngine.xml" cannot be found from path: "C:\Users\samuel.zuluaga\Desktop\workspaceMonitorizaManu\monitoriza\monitoriza-afirma-status-app\SamlEngine.xml"
java.lang.IllegalArgumentException: java.io.FileNotFoundException: File "SamlEngine.xml" cannot be found from path: "C:\Users\samuel.zuluaga\Desktop\workspaceMonitorizaManu\monitoriza\monitoriza-afirma-status-app\SamlEngine.xml"
	at eu.eidas.auth.commons.io.SingletonAccessors.newFileAccessor(SingletonAccessors.java:221)
	at eu.eidas.auth.engine.configuration.dom.ReloadableProtocolConfigurationMap.<init>(ReloadableProtocolConfigurationMap.java:57)
	at eu.eidas.auth.engine.configuration.dom.ProtocolEngineConfigurationFactory.<init>(ProtocolEngineConfigurationFactory.java:72)
	at eu.eidas.auth.engine.configuration.dom.DefaultProtocolEngineConfigurationFactory$LazyHolder.<clinit>(DefaultProtocolEngineConfigurationFactory.java:38)
	at eu.eidas.auth.engine.configuration.dom.DefaultProtocolEngineConfigurationFactory.getInstance(DefaultProtocolEngineConfigurationFactory.java:84)
	at eu.eidas.auth.engine.DefaultProtocolEngineFactory$LazyHolder.<clinit>(DefaultProtocolEngineFactory.java:35)
	at eu.eidas.auth.engine.DefaultProtocolEngineFactory.getInstance(DefaultProtocolEngineFactory.java:57)
	at es.gob.monitoriza.invoker.http.HttpInvoker.sendRequest(HttpInvoker.java:139)
	at es.gob.monitoriza.invoker.http.HttpInvoker.main(HttpInvoker.java:316)
Caused by: java.io.FileNotFoundException: File "SamlEngine.xml" cannot be found from path: "C:\Users\samuel.zuluaga\Desktop\workspaceMonitorizaManu\monitoriza\monitoriza-afirma-status-app\SamlEngine.xml"
	at eu.eidas.auth.commons.io.ResourceLocator$1.getFileUrl(ResourceLocator.java:107)
	at eu.eidas.auth.commons.io.ResourceLocator$1.run(ResourceLocator.java:114)
	at eu.eidas.auth.commons.io.ResourceLocator$1.run(ResourceLocator.java:94)
	at java.security.AccessController.doPrivileged(Native Method)
	at eu.eidas.auth.commons.io.ResourceLocator.getResource(ResourceLocator.java:94)
	at eu.eidas.auth.commons.io.SingletonAccessors.newFileAccessor(SingletonAccessors.java:207)
	... 8 common frames omitted
2018-11-05; 09:21:15.031 [main] ERROR eu.eidas.auth.engine.DefaultProtocolEngineFactory  - - -Unable to instantiate default SAML engines: java.lang.IllegalStateException: java.lang.IllegalArgumentException: java.io.FileNotFoundException: File "SamlEngine.xml" cannot be found from path: "C:\Users\samuel.zuluaga\Desktop\workspaceMonitorizaManu\monitoriza\monitoriza-afirma-status-app\SamlEngine.xml"
java.lang.IllegalStateException: java.lang.IllegalArgumentException: java.io.FileNotFoundException: File "SamlEngine.xml" cannot be found from path: "C:\Users\samuel.zuluaga\Desktop\workspaceMonitorizaManu\monitoriza\monitoriza-afirma-status-app\SamlEngine.xml"
	at eu.eidas.auth.engine.configuration.dom.DefaultProtocolEngineConfigurationFactory$LazyHolder.getDefaultConfigurationFactory(DefaultProtocolEngineConfigurationFactory.java:51)
	at eu.eidas.auth.engine.configuration.dom.DefaultProtocolEngineConfigurationFactory.getInstance(DefaultProtocolEngineConfigurationFactory.java:84)
	at eu.eidas.auth.engine.DefaultProtocolEngineFactory$LazyHolder.<clinit>(DefaultProtocolEngineFactory.java:35)
	at eu.eidas.auth.engine.DefaultProtocolEngineFactory.getInstance(DefaultProtocolEngineFactory.java:57)
	at es.gob.monitoriza.invoker.http.HttpInvoker.sendRequest(HttpInvoker.java:139)
	at es.gob.monitoriza.invoker.http.HttpInvoker.main(HttpInvoker.java:316)
Caused by: java.lang.IllegalArgumentException: java.io.FileNotFoundException: File "SamlEngine.xml" cannot be found from path: "C:\Users\samuel.zuluaga\Desktop\workspaceMonitorizaManu\monitoriza\monitoriza-afirma-status-app\SamlEngine.xml"
	at eu.eidas.auth.commons.io.SingletonAccessors.newFileAccessor(SingletonAccessors.java:221)
	at eu.eidas.auth.engine.configuration.dom.ReloadableProtocolConfigurationMap.<init>(ReloadableProtocolConfigurationMap.java:57)
	at eu.eidas.auth.engine.configuration.dom.ProtocolEngineConfigurationFactory.<init>(ProtocolEngineConfigurationFactory.java:72)
	at eu.eidas.auth.engine.configuration.dom.DefaultProtocolEngineConfigurationFactory$LazyHolder.<clinit>(DefaultProtocolEngineConfigurationFactory.java:38)
	... 5 common frames omitted
Caused by: java.io.FileNotFoundException: File "SamlEngine.xml" cannot be found from path: "C:\Users\samuel.zuluaga\Desktop\workspaceMonitorizaManu\monitoriza\monitoriza-afirma-status-app\SamlEngine.xml"
	at eu.eidas.auth.commons.io.ResourceLocator$1.getFileUrl(ResourceLocator.java:107)
	at eu.eidas.auth.commons.io.ResourceLocator$1.run(ResourceLocator.java:114)
	at eu.eidas.auth.commons.io.ResourceLocator$1.run(ResourceLocator.java:94)
	at java.security.AccessController.doPrivileged(Native Method)
	at eu.eidas.auth.commons.io.ResourceLocator.getResource(ResourceLocator.java:94)
	at eu.eidas.auth.commons.io.SingletonAccessors.newFileAccessor(SingletonAccessors.java:207)
	... 8 common frames omitted
2018-11-05; 09:23:46.924 [main] ERROR es.clave.sp.SpProtocolEngineFactory  - - -Unable to instantiate default SAML engines: java.lang.NullPointerException
java.lang.NullPointerException: null
	at es.clave.sp.SPUtil.getConfigFilePath(SPUtil.java:41)
	at es.clave.sp.SpProtocolEngineFactory$LazyHolder.<clinit>(SpProtocolEngineFactory.java:40)
	at es.clave.sp.SpProtocolEngineFactory.getInstance(SpProtocolEngineFactory.java:64)
	at es.clave.sp.SpProtocolEngineFactory.getSpProtocolEngine(SpProtocolEngineFactory.java:76)
	at es.gob.monitoriza.invoker.http.HttpInvoker.sendRequest(HttpInvoker.java:136)
	at es.gob.monitoriza.invoker.http.HttpInvoker.main(HttpInvoker.java:313)
2018-11-05; 09:45:55.729 [main] ERROR eu.eidas.auth.commons.io.ResourceLocator  - - -
java.security.PrivilegedActionException: null
	at java.security.AccessController.doPrivileged(Native Method)
	at eu.eidas.auth.commons.io.ResourceLocator.getResource(ResourceLocator.java:94)
	at eu.eidas.auth.commons.io.SingletonAccessors.newFileAccessor(SingletonAccessors.java:207)
	at eu.eidas.auth.engine.configuration.dom.ReloadableProtocolConfigurationMap.<init>(ReloadableProtocolConfigurationMap.java:57)
	at eu.eidas.auth.engine.configuration.dom.ProtocolEngineConfigurationFactory.<init>(ProtocolEngineConfigurationFactory.java:72)
	at eu.eidas.auth.engine.configuration.dom.DefaultProtocolEngineConfigurationFactory$LazyHolder.<clinit>(DefaultProtocolEngineConfigurationFactory.java:38)
	at eu.eidas.auth.engine.configuration.dom.DefaultProtocolEngineConfigurationFactory.getInstance(DefaultProtocolEngineConfigurationFactory.java:84)
	at eu.eidas.auth.engine.DefaultProtocolEngineFactory$LazyHolder.<clinit>(DefaultProtocolEngineFactory.java:35)
	at eu.eidas.auth.engine.DefaultProtocolEngineFactory.getInstance(DefaultProtocolEngineFactory.java:57)
	at es.gob.monitoriza.invoker.http.HttpInvoker.sendRequest(HttpInvoker.java:139)
	at es.gob.monitoriza.invoker.http.HttpInvoker.main(HttpInvoker.java:316)
Caused by: java.io.FileNotFoundException: File "SamlEngine.xml" cannot be found from path: "C:\Users\samuel.zuluaga\Desktop\workspaceMonitorizaManu\monitoriza\monitoriza-afirma-status-app\SamlEngine.xml"
	at eu.eidas.auth.commons.io.ResourceLocator$1.getFileUrl(ResourceLocator.java:107)
	at eu.eidas.auth.commons.io.ResourceLocator$1.run(ResourceLocator.java:114)
	at eu.eidas.auth.commons.io.ResourceLocator$1.run(ResourceLocator.java:94)
	... 11 common frames omitted
2018-11-05; 09:45:55.733 [main] ERROR e.e.a.e.c.dom.DefaultProtocolEngineConfigurationFactory  - - -Problem initializing the static configurations: java.lang.IllegalArgumentException: java.io.FileNotFoundException: File "SamlEngine.xml" cannot be found from path: "C:\Users\samuel.zuluaga\Desktop\workspaceMonitorizaManu\monitoriza\monitoriza-afirma-status-app\SamlEngine.xml"
java.lang.IllegalArgumentException: java.io.FileNotFoundException: File "SamlEngine.xml" cannot be found from path: "C:\Users\samuel.zuluaga\Desktop\workspaceMonitorizaManu\monitoriza\monitoriza-afirma-status-app\SamlEngine.xml"
	at eu.eidas.auth.commons.io.SingletonAccessors.newFileAccessor(SingletonAccessors.java:221)
	at eu.eidas.auth.engine.configuration.dom.ReloadableProtocolConfigurationMap.<init>(ReloadableProtocolConfigurationMap.java:57)
	at eu.eidas.auth.engine.configuration.dom.ProtocolEngineConfigurationFactory.<init>(ProtocolEngineConfigurationFactory.java:72)
	at eu.eidas.auth.engine.configuration.dom.DefaultProtocolEngineConfigurationFactory$LazyHolder.<clinit>(DefaultProtocolEngineConfigurationFactory.java:38)
	at eu.eidas.auth.engine.configuration.dom.DefaultProtocolEngineConfigurationFactory.getInstance(DefaultProtocolEngineConfigurationFactory.java:84)
	at eu.eidas.auth.engine.DefaultProtocolEngineFactory$LazyHolder.<clinit>(DefaultProtocolEngineFactory.java:35)
	at eu.eidas.auth.engine.DefaultProtocolEngineFactory.getInstance(DefaultProtocolEngineFactory.java:57)
	at es.gob.monitoriza.invoker.http.HttpInvoker.sendRequest(HttpInvoker.java:139)
	at es.gob.monitoriza.invoker.http.HttpInvoker.main(HttpInvoker.java:316)
Caused by: java.io.FileNotFoundException: File "SamlEngine.xml" cannot be found from path: "C:\Users\samuel.zuluaga\Desktop\workspaceMonitorizaManu\monitoriza\monitoriza-afirma-status-app\SamlEngine.xml"
	at eu.eidas.auth.commons.io.ResourceLocator$1.getFileUrl(ResourceLocator.java:107)
	at eu.eidas.auth.commons.io.ResourceLocator$1.run(ResourceLocator.java:114)
	at eu.eidas.auth.commons.io.ResourceLocator$1.run(ResourceLocator.java:94)
	at java.security.AccessController.doPrivileged(Native Method)
	at eu.eidas.auth.commons.io.ResourceLocator.getResource(ResourceLocator.java:94)
	at eu.eidas.auth.commons.io.SingletonAccessors.newFileAccessor(SingletonAccessors.java:207)
	... 8 common frames omitted
2018-11-05; 09:45:55.734 [main] ERROR eu.eidas.auth.engine.DefaultProtocolEngineFactory  - - -Unable to instantiate default SAML engines: java.lang.IllegalStateException: java.lang.IllegalArgumentException: java.io.FileNotFoundException: File "SamlEngine.xml" cannot be found from path: "C:\Users\samuel.zuluaga\Desktop\workspaceMonitorizaManu\monitoriza\monitoriza-afirma-status-app\SamlEngine.xml"
java.lang.IllegalStateException: java.lang.IllegalArgumentException: java.io.FileNotFoundException: File "SamlEngine.xml" cannot be found from path: "C:\Users\samuel.zuluaga\Desktop\workspaceMonitorizaManu\monitoriza\monitoriza-afirma-status-app\SamlEngine.xml"
	at eu.eidas.auth.engine.configuration.dom.DefaultProtocolEngineConfigurationFactory$LazyHolder.getDefaultConfigurationFactory(DefaultProtocolEngineConfigurationFactory.java:51)
	at eu.eidas.auth.engine.configuration.dom.DefaultProtocolEngineConfigurationFactory.getInstance(DefaultProtocolEngineConfigurationFactory.java:84)
	at eu.eidas.auth.engine.DefaultProtocolEngineFactory$LazyHolder.<clinit>(DefaultProtocolEngineFactory.java:35)
	at eu.eidas.auth.engine.DefaultProtocolEngineFactory.getInstance(DefaultProtocolEngineFactory.java:57)
	at es.gob.monitoriza.invoker.http.HttpInvoker.sendRequest(HttpInvoker.java:139)
	at es.gob.monitoriza.invoker.http.HttpInvoker.main(HttpInvoker.java:316)
Caused by: java.lang.IllegalArgumentException: java.io.FileNotFoundException: File "SamlEngine.xml" cannot be found from path: "C:\Users\samuel.zuluaga\Desktop\workspaceMonitorizaManu\monitoriza\monitoriza-afirma-status-app\SamlEngine.xml"
	at eu.eidas.auth.commons.io.SingletonAccessors.newFileAccessor(SingletonAccessors.java:221)
	at eu.eidas.auth.engine.configuration.dom.ReloadableProtocolConfigurationMap.<init>(ReloadableProtocolConfigurationMap.java:57)
	at eu.eidas.auth.engine.configuration.dom.ProtocolEngineConfigurationFactory.<init>(ProtocolEngineConfigurationFactory.java:72)
	at eu.eidas.auth.engine.configuration.dom.DefaultProtocolEngineConfigurationFactory$LazyHolder.<clinit>(DefaultProtocolEngineConfigurationFactory.java:38)
	... 5 common frames omitted
Caused by: java.io.FileNotFoundException: File "SamlEngine.xml" cannot be found from path: "C:\Users\samuel.zuluaga\Desktop\workspaceMonitorizaManu\monitoriza\monitoriza-afirma-status-app\SamlEngine.xml"
	at eu.eidas.auth.commons.io.ResourceLocator$1.getFileUrl(ResourceLocator.java:107)
	at eu.eidas.auth.commons.io.ResourceLocator$1.run(ResourceLocator.java:114)
	at eu.eidas.auth.commons.io.ResourceLocator$1.run(ResourceLocator.java:94)
	at java.security.AccessController.doPrivileged(Native Method)
	at eu.eidas.auth.commons.io.ResourceLocator.getResource(ResourceLocator.java:94)
	at eu.eidas.auth.commons.io.SingletonAccessors.newFileAccessor(SingletonAccessors.java:207)
	... 8 common frames omitted
2018-11-05; 11:02:55.150 [main] ERROR eu.eidas.auth.commons.io.ResourceLocator  - - -
java.security.PrivilegedActionException: null
	at java.security.AccessController.doPrivileged(Native Method)
	at eu.eidas.auth.commons.io.ResourceLocator.getResource(ResourceLocator.java:94)
	at eu.eidas.auth.commons.io.SingletonAccessors.newFileAccessor(SingletonAccessors.java:207)
	at eu.eidas.auth.engine.configuration.dom.ReloadableProtocolConfigurationMap.<init>(ReloadableProtocolConfigurationMap.java:57)
	at eu.eidas.auth.engine.configuration.dom.ProtocolEngineConfigurationFactory.<init>(ProtocolEngineConfigurationFactory.java:72)
	at eu.eidas.auth.engine.configuration.dom.DefaultProtocolEngineConfigurationFactory$LazyHolder.<clinit>(DefaultProtocolEngineConfigurationFactory.java:38)
	at eu.eidas.auth.engine.configuration.dom.DefaultProtocolEngineConfigurationFactory.getInstance(DefaultProtocolEngineConfigurationFactory.java:84)
	at eu.eidas.auth.engine.DefaultProtocolEngineFactory$LazyHolder.<clinit>(DefaultProtocolEngineFactory.java:35)
	at eu.eidas.auth.engine.DefaultProtocolEngineFactory.getInstance(DefaultProtocolEngineFactory.java:57)
	at es.gob.monitoriza.invoker.http.HttpInvoker.sendRequest(HttpInvoker.java:139)
	at es.gob.monitoriza.invoker.http.HttpInvoker.main(HttpInvoker.java:318)
Caused by: java.io.FileNotFoundException: File "SamlEngine.xml" cannot be found from path: "C:\Users\samuel.zuluaga\Desktop\workspaceMonitorizaManu\monitoriza\monitoriza-afirma-status-app\SamlEngine.xml"
	at eu.eidas.auth.commons.io.ResourceLocator$1.getFileUrl(ResourceLocator.java:107)
	at eu.eidas.auth.commons.io.ResourceLocator$1.run(ResourceLocator.java:114)
	at eu.eidas.auth.commons.io.ResourceLocator$1.run(ResourceLocator.java:94)
	... 11 common frames omitted
2018-11-05; 11:02:55.187 [main] ERROR e.e.a.e.c.dom.DefaultProtocolEngineConfigurationFactory  - - -Problem initializing the static configurations: java.lang.IllegalArgumentException: java.io.FileNotFoundException: File "SamlEngine.xml" cannot be found from path: "C:\Users\samuel.zuluaga\Desktop\workspaceMonitorizaManu\monitoriza\monitoriza-afirma-status-app\SamlEngine.xml"
java.lang.IllegalArgumentException: java.io.FileNotFoundException: File "SamlEngine.xml" cannot be found from path: "C:\Users\samuel.zuluaga\Desktop\workspaceMonitorizaManu\monitoriza\monitoriza-afirma-status-app\SamlEngine.xml"
	at eu.eidas.auth.commons.io.SingletonAccessors.newFileAccessor(SingletonAccessors.java:221)
	at eu.eidas.auth.engine.configuration.dom.ReloadableProtocolConfigurationMap.<init>(ReloadableProtocolConfigurationMap.java:57)
	at eu.eidas.auth.engine.configuration.dom.ProtocolEngineConfigurationFactory.<init>(ProtocolEngineConfigurationFactory.java:72)
	at eu.eidas.auth.engine.configuration.dom.DefaultProtocolEngineConfigurationFactory$LazyHolder.<clinit>(DefaultProtocolEngineConfigurationFactory.java:38)
	at eu.eidas.auth.engine.configuration.dom.DefaultProtocolEngineConfigurationFactory.getInstance(DefaultProtocolEngineConfigurationFactory.java:84)
	at eu.eidas.auth.engine.DefaultProtocolEngineFactory$LazyHolder.<clinit>(DefaultProtocolEngineFactory.java:35)
	at eu.eidas.auth.engine.DefaultProtocolEngineFactory.getInstance(DefaultProtocolEngineFactory.java:57)
	at es.gob.monitoriza.invoker.http.HttpInvoker.sendRequest(HttpInvoker.java:139)
	at es.gob.monitoriza.invoker.http.HttpInvoker.main(HttpInvoker.java:318)
Caused by: java.io.FileNotFoundException: File "SamlEngine.xml" cannot be found from path: "C:\Users\samuel.zuluaga\Desktop\workspaceMonitorizaManu\monitoriza\monitoriza-afirma-status-app\SamlEngine.xml"
	at eu.eidas.auth.commons.io.ResourceLocator$1.getFileUrl(ResourceLocator.java:107)
	at eu.eidas.auth.commons.io.ResourceLocator$1.run(ResourceLocator.java:114)
	at eu.eidas.auth.commons.io.ResourceLocator$1.run(ResourceLocator.java:94)
	at java.security.AccessController.doPrivileged(Native Method)
	at eu.eidas.auth.commons.io.ResourceLocator.getResource(ResourceLocator.java:94)
	at eu.eidas.auth.commons.io.SingletonAccessors.newFileAccessor(SingletonAccessors.java:207)
	... 8 common frames omitted
2018-11-05; 11:02:55.198 [main] ERROR eu.eidas.auth.engine.DefaultProtocolEngineFactory  - - -Unable to instantiate default SAML engines: java.lang.IllegalStateException: java.lang.IllegalArgumentException: java.io.FileNotFoundException: File "SamlEngine.xml" cannot be found from path: "C:\Users\samuel.zuluaga\Desktop\workspaceMonitorizaManu\monitoriza\monitoriza-afirma-status-app\SamlEngine.xml"
java.lang.IllegalStateException: java.lang.IllegalArgumentException: java.io.FileNotFoundException: File "SamlEngine.xml" cannot be found from path: "C:\Users\samuel.zuluaga\Desktop\workspaceMonitorizaManu\monitoriza\monitoriza-afirma-status-app\SamlEngine.xml"
	at eu.eidas.auth.engine.configuration.dom.DefaultProtocolEngineConfigurationFactory$LazyHolder.getDefaultConfigurationFactory(DefaultProtocolEngineConfigurationFactory.java:51)
	at eu.eidas.auth.engine.configuration.dom.DefaultProtocolEngineConfigurationFactory.getInstance(DefaultProtocolEngineConfigurationFactory.java:84)
	at eu.eidas.auth.engine.DefaultProtocolEngineFactory$LazyHolder.<clinit>(DefaultProtocolEngineFactory.java:35)
	at eu.eidas.auth.engine.DefaultProtocolEngineFactory.getInstance(DefaultProtocolEngineFactory.java:57)
	at es.gob.monitoriza.invoker.http.HttpInvoker.sendRequest(HttpInvoker.java:139)
	at es.gob.monitoriza.invoker.http.HttpInvoker.main(HttpInvoker.java:318)
Caused by: java.lang.IllegalArgumentException: java.io.FileNotFoundException: File "SamlEngine.xml" cannot be found from path: "C:\Users\samuel.zuluaga\Desktop\workspaceMonitorizaManu\monitoriza\monitoriza-afirma-status-app\SamlEngine.xml"
	at eu.eidas.auth.commons.io.SingletonAccessors.newFileAccessor(SingletonAccessors.java:221)
	at eu.eidas.auth.engine.configuration.dom.ReloadableProtocolConfigurationMap.<init>(ReloadableProtocolConfigurationMap.java:57)
	at eu.eidas.auth.engine.configuration.dom.ProtocolEngineConfigurationFactory.<init>(ProtocolEngineConfigurationFactory.java:72)
	at eu.eidas.auth.engine.configuration.dom.DefaultProtocolEngineConfigurationFactory$LazyHolder.<clinit>(DefaultProtocolEngineConfigurationFactory.java:38)
	... 5 common frames omitted
Caused by: java.io.FileNotFoundException: File "SamlEngine.xml" cannot be found from path: "C:\Users\samuel.zuluaga\Desktop\workspaceMonitorizaManu\monitoriza\monitoriza-afirma-status-app\SamlEngine.xml"
	at eu.eidas.auth.commons.io.ResourceLocator$1.getFileUrl(ResourceLocator.java:107)
	at eu.eidas.auth.commons.io.ResourceLocator$1.run(ResourceLocator.java:114)
	at eu.eidas.auth.commons.io.ResourceLocator$1.run(ResourceLocator.java:94)
	at java.security.AccessController.doPrivileged(Native Method)
	at eu.eidas.auth.commons.io.ResourceLocator.getResource(ResourceLocator.java:94)
	at eu.eidas.auth.commons.io.SingletonAccessors.newFileAccessor(SingletonAccessors.java:207)
	... 8 common frames omitted
2018-11-05; 13:30:18.452 [main] ERROR es.clave.sp.SpProtocolEngineFactory  - - -Unable to instantiate default SAML engines: java.lang.NullPointerException
java.lang.NullPointerException: null
	at es.clave.sp.SPUtil.getConfigFilePath(SPUtil.java:41)
	at es.clave.sp.SpProtocolEngineFactory$LazyHolder.<clinit>(SpProtocolEngineFactory.java:40)
	at es.clave.sp.SpProtocolEngineFactory.getInstance(SpProtocolEngineFactory.java:64)
	at es.clave.sp.SpProtocolEngineFactory.getSpProtocolEngine(SpProtocolEngineFactory.java:76)
	at es.gob.monitoriza.invoker.http.HttpInvoker.sendRequest(HttpInvoker.java:135)
	at es.gob.monitoriza.invoker.http.HttpInvoker.main(HttpInvoker.java:314)
2018-11-05; 13:32:03.804 [main] ERROR es.clave.sp.SpProtocolEngineFactory  - - -Unable to instantiate default SAML engines: java.lang.NullPointerException
java.lang.NullPointerException: null
	at es.clave.sp.SPUtil.getConfigFilePath(SPUtil.java:41)
	at es.clave.sp.SpProtocolEngineFactory$LazyHolder.<clinit>(SpProtocolEngineFactory.java:40)
	at es.clave.sp.SpProtocolEngineFactory.getInstance(SpProtocolEngineFactory.java:64)
	at es.clave.sp.SpProtocolEngineFactory.getSpProtocolEngine(SpProtocolEngineFactory.java:76)
	at es.gob.monitoriza.invoker.http.HttpInvoker.sendRequest(HttpInvoker.java:135)
	at es.gob.monitoriza.invoker.http.HttpInvoker.main(HttpInvoker.java:314)
2018-11-05; 13:54:48.870 [main] ERROR es.clave.sp.SpProtocolEngineFactory  - - -Unable to instantiate default SAML engines: java.lang.NullPointerException
java.lang.NullPointerException: null
	at es.clave.sp.SPUtil.getConfigFilePath(SPUtil.java:41)
	at es.clave.sp.SpProtocolEngineFactory$LazyHolder.<clinit>(SpProtocolEngineFactory.java:40)
	at es.clave.sp.SpProtocolEngineFactory.getInstance(SpProtocolEngineFactory.java:64)
	at es.clave.sp.SpProtocolEngineFactory.getSpProtocolEngine(SpProtocolEngineFactory.java:76)
	at es.gob.monitoriza.invoker.http.HttpInvoker.sendRequest(HttpInvoker.java:135)
	at es.gob.monitoriza.invoker.http.HttpInvoker.main(HttpInvoker.java:314)
2018-11-05; 13:56:46.621 [main] ERROR es.clave.sp.SpProtocolEngineFactory  - - -Unable to instantiate default SAML engines: java.lang.NullPointerException
java.lang.NullPointerException: null
	at es.clave.sp.SPUtil.getConfigFilePath(SPUtil.java:41)
	at es.clave.sp.SpProtocolEngineFactory$LazyHolder.<clinit>(SpProtocolEngineFactory.java:40)
	at es.clave.sp.SpProtocolEngineFactory.getInstance(SpProtocolEngineFactory.java:64)
	at es.clave.sp.SpProtocolEngineFactory.getSpProtocolEngine(SpProtocolEngineFactory.java:76)
	at es.gob.monitoriza.invoker.http.HttpInvoker.sendRequest(HttpInvoker.java:135)
	at es.gob.monitoriza.invoker.http.HttpInvoker.main(HttpInvoker.java:314)
2018-11-05; 15:59:33.976 [main] ERROR es.clave.sp.SpProtocolEngineFactory  - - -Unable to instantiate default SAML engines: java.lang.NullPointerException
java.lang.NullPointerException: null
	at es.clave.sp.SPUtil.getConfigFilePath(SPUtil.java:41)
	at es.clave.sp.SpProtocolEngineFactory$LazyHolder.<clinit>(SpProtocolEngineFactory.java:40)
	at es.clave.sp.SpProtocolEngineFactory.getInstance(SpProtocolEngineFactory.java:64)
	at es.clave.sp.SpProtocolEngineFactory.getSpProtocolEngine(SpProtocolEngineFactory.java:76)
	at es.gob.monitoriza.invoker.http.HttpInvoker.sendRequest(HttpInvoker.java:135)
	at es.gob.monitoriza.invoker.http.HttpInvoker.main(HttpInvoker.java:314)
2018-11-05; 16:09:12.595 [main] ERROR es.clave.sp.SpProtocolEngineFactory  - - -Unable to instantiate default SAML engines: java.lang.NullPointerException
java.lang.NullPointerException: null
	at es.clave.sp.SPUtil.getConfigFilePath(SPUtil.java:41)
	at es.clave.sp.SpProtocolEngineFactory$LazyHolder.<clinit>(SpProtocolEngineFactory.java:40)
	at es.clave.sp.SpProtocolEngineFactory.getInstance(SpProtocolEngineFactory.java:64)
	at es.clave.sp.SpProtocolEngineFactory.getSpProtocolEngine(SpProtocolEngineFactory.java:76)
	at es.gob.monitoriza.invoker.http.HttpInvoker.sendRequest(HttpInvoker.java:135)
	at es.gob.monitoriza.invoker.http.HttpInvoker.main(HttpInvoker.java:314)
