2018-11-02; 07:52:42.171 [main] ERROR es.clave.sp.SpProtocolEngineFactory  - - -Unable to instantiate default SAML engines: java.lang.NullPointerException
java.lang.NullPointerException: null
	at es.clave.sp.SPUtil.getConfigFilePath(SPUtil.java:41)
	at es.clave.sp.SpProtocolEngineFactory$LazyHolder.<clinit>(SpProtocolEngineFactory.java:40)
	at es.clave.sp.SpProtocolEngineFactory.getInstance(SpProtocolEngineFactory.java:64)
	at es.clave.sp.SpProtocolEngineFactory.getSpProtocolEngine(SpProtocolEngineFactory.java:76)
	at es.gob.monitoriza.invoker.http.HttpInvoker.<clinit>(HttpInvoker.java:94)
2018-11-02; 07:58:10.134 [main] ERROR es.clave.sp.SpProtocolEngineFactory  - - -Unable to instantiate default SAML engines: java.lang.NullPointerException
java.lang.NullPointerException: null
	at es.clave.sp.SPUtil.getConfigFilePath(SPUtil.java:41)
	at es.clave.sp.SpProtocolEngineFactory$LazyHolder.<clinit>(SpProtocolEngineFactory.java:40)
	at es.clave.sp.SpProtocolEngineFactory.getInstance(SpProtocolEngineFactory.java:64)
	at es.clave.sp.SpProtocolEngineFactory.getSpProtocolEngine(SpProtocolEngineFactory.java:76)
	at es.gob.monitoriza.invoker.http.HttpInvoker.<clinit>(HttpInvoker.java:95)
2018-11-02; 11:50:38.060 [main] ERROR es.clave.sp.SpProtocolEngineFactory  - - -Unable to instantiate default SAML engines: java.lang.NullPointerException
java.lang.NullPointerException: null
	at es.clave.sp.SPUtil.getConfigFilePath(SPUtil.java:41)
	at es.clave.sp.SpProtocolEngineFactory$LazyHolder.<clinit>(SpProtocolEngineFactory.java:40)
	at es.clave.sp.SpProtocolEngineFactory.getInstance(SpProtocolEngineFactory.java:64)
	at es.clave.sp.SpProtocolEngineFactory.getSpProtocolEngine(SpProtocolEngineFactory.java:76)
	at es.gob.monitoriza.invoker.http.HttpInvoker.sendRequest(HttpInvoker.java:132)
	at es.gob.monitoriza.invoker.http.HttpInvoker.main(HttpInvoker.java:322)
2018-11-02; 11:54:18.644 [main] ERROR es.clave.sp.SpProtocolEngineFactory  - - -Unable to instantiate default SAML engines: java.lang.NullPointerException
java.lang.NullPointerException: null
	at es.clave.sp.SPUtil.getConfigFilePath(SPUtil.java:41)
	at es.clave.sp.SpProtocolEngineFactory$LazyHolder.<clinit>(SpProtocolEngineFactory.java:40)
	at es.clave.sp.SpProtocolEngineFactory.getInstance(SpProtocolEngineFactory.java:64)
	at es.clave.sp.SpProtocolEngineFactory.getSpProtocolEngine(SpProtocolEngineFactory.java:76)
	at es.gob.monitoriza.invoker.http.HttpInvoker.sendRequest(HttpInvoker.java:132)
	at es.gob.monitoriza.invoker.http.HttpInvoker.main(HttpInvoker.java:322)
2018-11-02; 11:55:07.464 [main] ERROR es.clave.sp.SpProtocolEngineFactory  - - -Unable to instantiate default SAML engines: java.lang.NullPointerException
java.lang.NullPointerException: null
	at es.clave.sp.SPUtil.getConfigFilePath(SPUtil.java:41)
	at es.clave.sp.SpProtocolEngineFactory$LazyHolder.<clinit>(SpProtocolEngineFactory.java:40)
	at es.clave.sp.SpProtocolEngineFactory.getInstance(SpProtocolEngineFactory.java:64)
	at es.clave.sp.SpProtocolEngineFactory.getSpProtocolEngine(SpProtocolEngineFactory.java:76)
	at es.gob.monitoriza.invoker.http.HttpInvoker.<clinit>(HttpInvoker.java:95)
2018-11-02; 11:59:00.958 [main] ERROR es.clave.sp.SpProtocolEngineFactory  - - -Unable to instantiate default SAML engines: java.lang.NullPointerException
java.lang.NullPointerException: null
	at es.clave.sp.SPUtil.getConfigFilePath(SPUtil.java:41)
	at es.clave.sp.SpProtocolEngineFactory$LazyHolder.<clinit>(SpProtocolEngineFactory.java:40)
	at es.clave.sp.SpProtocolEngineFactory.getInstance(SpProtocolEngineFactory.java:64)
	at es.clave.sp.SpProtocolEngineFactory.getSpProtocolEngine(SpProtocolEngineFactory.java:76)
	at es.gob.monitoriza.invoker.http.HttpInvoker.<clinit>(HttpInvoker.java:96)
2018-11-02; 12:17:36.409 [main] ERROR es.clave.sp.SpProtocolEngineFactory  - - -Unable to instantiate default SAML engines: java.lang.NullPointerException
java.lang.NullPointerException: null
	at es.clave.sp.SPUtil.getConfigFilePath(SPUtil.java:41)
	at es.clave.sp.SpProtocolEngineFactory$LazyHolder.<clinit>(SpProtocolEngineFactory.java:40)
	at es.clave.sp.SpProtocolEngineFactory.getInstance(SpProtocolEngineFactory.java:64)
	at es.clave.sp.SpProtocolEngineFactory.getSpProtocolEngine(SpProtocolEngineFactory.java:76)
	at es.gob.monitoriza.invoker.http.HttpInvoker.<clinit>(HttpInvoker.java:96)
2018-11-02; 12:20:11.633 [main] ERROR es.clave.sp.SpProtocolEngineFactory  - - -Unable to instantiate default SAML engines: java.lang.NullPointerException
java.lang.NullPointerException: null
	at es.clave.sp.SPUtil.getConfigFilePath(SPUtil.java:41)
	at es.clave.sp.SpProtocolEngineFactory$LazyHolder.<clinit>(SpProtocolEngineFactory.java:40)
	at es.clave.sp.SpProtocolEngineFactory.getInstance(SpProtocolEngineFactory.java:64)
	at es.clave.sp.SpProtocolEngineFactory.getSpProtocolEngine(SpProtocolEngineFactory.java:76)
	at es.gob.monitoriza.invoker.http.HttpInvoker.<clinit>(HttpInvoker.java:96)
2018-11-02; 12:20:36.194 [main] ERROR es.clave.sp.SpProtocolEngineFactory  - - -Unable to instantiate default SAML engines: java.lang.NullPointerException
java.lang.NullPointerException: null
	at es.clave.sp.SPUtil.getConfigFilePath(SPUtil.java:41)
	at es.clave.sp.SpProtocolEngineFactory$LazyHolder.<clinit>(SpProtocolEngineFactory.java:40)
	at es.clave.sp.SpProtocolEngineFactory.getInstance(SpProtocolEngineFactory.java:64)
	at es.clave.sp.SpProtocolEngineFactory.getSpProtocolEngine(SpProtocolEngineFactory.java:76)
	at es.gob.monitoriza.invoker.http.HttpInvoker.<clinit>(HttpInvoker.java:96)
2018-11-02; 12:20:52.617 [main] ERROR es.clave.sp.SpProtocolEngineFactory  - - -Unable to instantiate default SAML engines: java.lang.NullPointerException
java.lang.NullPointerException: null
	at es.clave.sp.SPUtil.getConfigFilePath(SPUtil.java:41)
	at es.clave.sp.SpProtocolEngineFactory$LazyHolder.<clinit>(SpProtocolEngineFactory.java:40)
	at es.clave.sp.SpProtocolEngineFactory.getInstance(SpProtocolEngineFactory.java:64)
	at es.clave.sp.SpProtocolEngineFactory.getSpProtocolEngine(SpProtocolEngineFactory.java:76)
	at es.gob.monitoriza.invoker.http.HttpInvoker.<clinit>(HttpInvoker.java:96)
2018-11-02; 12:21:20.515 [main] ERROR es.clave.sp.SpProtocolEngineFactory  - - -Unable to instantiate default SAML engines: java.lang.NullPointerException
java.lang.NullPointerException: null
	at es.clave.sp.SPUtil.getConfigFilePath(SPUtil.java:41)
	at es.clave.sp.SpProtocolEngineFactory$LazyHolder.<clinit>(SpProtocolEngineFactory.java:40)
	at es.clave.sp.SpProtocolEngineFactory.getInstance(SpProtocolEngineFactory.java:64)
	at es.clave.sp.SpProtocolEngineFactory.getSpProtocolEngine(SpProtocolEngineFactory.java:76)
	at es.gob.monitoriza.invoker.http.HttpInvoker.<clinit>(HttpInvoker.java:96)
